#
# There is insufficient memory for the Java Runtime Environment to continue.
# Native memory allocation (malloc) failed to allocate 1006896 bytes for Chunk::new
# Possible reasons:
#   The system is out of physical RAM or swap space
#   In 32 bit mode, the process size limit was hit
# Possible solutions:
#   Reduce memory load on the system
#   Increase physical memory or swap space
#   Check if swap backing store is full
#   Use 64 bit Java on a 64 bit OS
#   Decrease Java heap size (-Xmx/-Xms)
#   Decrease number of Java threads
#   Decrease Java thread stack sizes (-Xss)
#   Set larger code cache with -XX:ReservedCodeCacheSize=
# This output file may be truncated or incomplete.
#
#  Out of Memory Error (allocation.cpp:323), pid=6432, tid=2196
#
# JRE version: Java(TM) SE Runtime Environment (7.0_79-b15) (build 1.7.0_79-b15)
# Java VM: Java HotSpot(TM) 64-Bit Server VM (24.79-b02 mixed mode windows-amd64 compressed oops)
# Failed to write core dump. Minidumps are not enabled by default on client versions of Windows
#

---------------  T H R E A D  ---------------

Current thread (0x000000000a5f1000):  JavaThread "C2 CompilerThread0" daemon [_thread_in_native, id=2196, stack(0x000000000abd0000,0x000000000acd0000)]

Stack: [0x000000000abd0000,0x000000000acd0000]

Current CompileTask:
C2:  28974  739   !         com.android.dx.cf.code.RopperMachine::run (1550 bytes)


---------------  P R O C E S S  ---------------

Java Threads: ( => current thread )
  0x000000000a897800 JavaThread "pool-1-thread-4" [_thread_in_Java, id=3176, stack(0x000000000bbd0000,0x000000000bcd0000)]
  0x000000000a896800 JavaThread "pool-1-thread-3" [_thread_in_Java, id=10380, stack(0x000000000bad0000,0x000000000bbd0000)]
  0x000000000a896000 JavaThread "pool-1-thread-2" [_thread_in_Java, id=4244, stack(0x000000000b9d0000,0x000000000bad0000)]
  0x000000000a895000 JavaThread "pool-2-thread-1" [_thread_blocked, id=5576, stack(0x000000000b8d0000,0x000000000b9d0000)]
  0x000000000a892000 JavaThread "pool-1-thread-1" [_thread_in_Java, id=8036, stack(0x000000000b7d0000,0x000000000b8d0000)]
  0x0000000002392000 JavaThread "Service Thread" daemon [_thread_blocked, id=7576, stack(0x000000000add0000,0x000000000aed0000)]
  0x000000000238f000 JavaThread "C2 CompilerThread1" daemon [_thread_in_vm, id=10920, stack(0x000000000acd0000,0x000000000add0000)]
=>0x000000000a5f1000 JavaThread "C2 CompilerThread0" daemon [_thread_in_native, id=2196, stack(0x000000000abd0000,0x000000000acd0000)]
  0x000000000238d800 JavaThread "Attach Listener" daemon [_thread_blocked, id=10136, stack(0x000000000aad0000,0x000000000abd0000)]
  0x000000000a5f0800 JavaThread "Signal Dispatcher" daemon [_thread_blocked, id=1944, stack(0x000000000a9d0000,0x000000000aad0000)]
  0x00000000085db800 JavaThread "Finalizer" daemon [_thread_blocked, id=8532, stack(0x000000000a4d0000,0x000000000a5d0000)]
  0x00000000085da800 JavaThread "Reference Handler" daemon [_thread_blocked, id=9684, stack(0x000000000a3d0000,0x000000000a4d0000)]
  0x00000000022a0800 JavaThread "main" [_thread_in_Java, id=5396, stack(0x00000000020b0000,0x00000000021b0000)]

Other Threads:
  0x00000000085d6000 VMThread [stack: 0x000000000a2d0000,0x000000000a3d0000] [id=700]
  0x000000000239e000 WatcherThread [stack: 0x000000000aed0000,0x000000000afd0000] [id=1844]

VM state:not at safepoint (normal execution)

VM Mutex/Monitor currently owned by a thread: None

Heap
 PSYoungGen      total 227840K, used 84819K [0x00000000eaa80000, 0x0000000100000000, 0x0000000100000000)
  eden space 116224K, 14% used [0x00000000eaa80000,0x00000000eba8aea0,0x00000000f1c00000)
  from space 111616K, 61% used [0x00000000f8a00000,0x00000000fccc9d90,0x00000000ff700000)
  to   space 112640K, 0% used [0x00000000f1c00000,0x00000000f1c00000,0x00000000f8a00000)
 ParOldGen       total 406528K, used 235638K [0x00000000c0000000, 0x00000000d8d00000, 0x00000000eaa80000)
  object space 406528K, 57% used [0x00000000c0000000,0x00000000ce61db98,0x00000000d8d00000)
 PSPermGen       total 21504K, used 6111K [0x00000000bae00000, 0x00000000bc300000, 0x00000000c0000000)
  object space 21504K, 28% used [0x00000000bae00000,0x00000000bb3f7f78,0x00000000bc300000)

Card table byte_map: [0x00000000053a0000,0x00000000055d0000] byte_map_base: 0x0000000004dc9000

Polling page: 0x0000000001fc0000

Code Cache  [0x00000000023a0000, 0x0000000002650000, 0x00000000053a0000)
 total_blobs=950 nmethods=713 adapters=189 free_code_cache=46544Kb largest_free_block=47566464

Compilation events (10 events):
Event: 28.587 Thread 0x000000000a5f1000  737             com.android.dx.rop.cst.CstNat::isInstanceInit (13 bytes)
Event: 28.588 Thread 0x000000000a5f1000 nmethod 737 0x00000000025e6b90 code [0x00000000025e6ce0, 0x00000000025e6e38]
Event: 28.593 Thread 0x000000000238f000  738             com.android.dx.rop.annotation.Annotations::size (8 bytes)
Event: 28.593 Thread 0x000000000238f000 nmethod 738 0x00000000025a9c90 code [0x00000000025a9dc0, 0x00000000025a9e18]
Event: 28.913 Thread 0x000000000a5f1000  739   !         com.android.dx.cf.code.RopperMachine::run (1550 bytes)
Event: 28.926 Thread 0x000000000238f000  740             com.android.dx.rop.code.ThrowingInsn::<init> (49 bytes)
Event: 28.928 Thread 0x000000000238f000 nmethod 740 0x00000000024fd690 code [0x00000000024fd7e0, 0x00000000024fd938]
Event: 28.938 Thread 0x000000000238f000  741             com.android.dx.rop.code.Rop::<init> (15 bytes)
Event: 28.941 Thread 0x000000000238f000 nmethod 741 0x00000000025e6790 code [0x00000000025e68e0, 0x00000000025e69f8]
Event: 28.949 Thread 0x000000000238f000  742   !         com.android.dx.cf.code.BytecodeArray::parseInstruction (2764 bytes)

GC Heap History (10 events):
Event: 23.505 GC heap before
{Heap before GC invocations=13 (full 2):
 PSYoungGen      total 233472K, used 187672K [0x00000000eaa80000, 0x0000000100000000, 0x0000000100000000)
  eden space 117248K, 100% used [0x00000000eaa80000,0x00000000f1d00000,0x00000000f1d00000)
  from space 116224K, 60% used [0x00000000f8e80000,0x00000000fd346010,0x0000000100000000)
  to   space 116224K, 0% used [0x00000000f1d00000,0x00000000f1d00000,0x00000000f8e80000)
 ParOldGen       total 288256K, used 167372K [0x00000000c0000000, 0x00000000d1980000, 0x00000000eaa80000)
  object space 288256K, 58% used [0x00000000c0000000,0x00000000ca373038,0x00000000d1980000)
 PSPermGen       total 21504K, used 6098K [0x00000000bae00000, 0x00000000bc300000, 0x00000000c0000000)
  object space 21504K, 28% used [0x00000000bae00000,0x00000000bb3f4900,0x00000000bc300000)
Event: 23.828 GC heap after
Heap after GC invocations=13 (full 2):
 PSYoungGen      total 233472K, used 71493K [0x00000000eaa80000, 0x0000000100000000, 0x0000000100000000)
  eden space 117248K, 0% used [0x00000000eaa80000,0x00000000eaa80000,0x00000000f1d00000)
  from space 116224K, 61% used [0x00000000f1d00000,0x00000000f62d1740,0x00000000f8e80000)
  to   space 116224K, 0% used [0x00000000f8e80000,0x00000000f8e80000,0x0000000100000000)
 ParOldGen       total 288256K, used 235968K [0x00000000c0000000, 0x00000000d1980000, 0x00000000eaa80000)
  object space 288256K, 81% used [0x00000000c0000000,0x00000000ce670200,0x00000000d1980000)
 PSPermGen       total 21504K, used 6098K [0x00000000bae00000, 0x00000000bc300000, 0x00000000c0000000)
  object space 21504K, 28% used [0x00000000bae00000,0x00000000bb3f4900,0x00000000bc300000)
}
Event: 23.828 GC heap before
{Heap before GC invocations=14 (full 3):
 PSYoungGen      total 233472K, used 71493K [0x00000000eaa80000, 0x0000000100000000, 0x0000000100000000)
  eden space 117248K, 0% used [0x00000000eaa80000,0x00000000eaa80000,0x00000000f1d00000)
  from space 116224K, 61% used [0x00000000f1d00000,0x00000000f62d1740,0x00000000f8e80000)
  to   space 116224K, 0% used [0x00000000f8e80000,0x00000000f8e80000,0x0000000100000000)
 ParOldGen       total 288256K, used 235968K [0x00000000c0000000, 0x00000000d1980000, 0x00000000eaa80000)
  object space 288256K, 81% used [0x00000000c0000000,0x00000000ce670200,0x00000000d1980000)
 PSPermGen       total 21504K, used 6098K [0x00000000bae00000, 0x00000000bc300000, 0x00000000c0000000)
  object space 21504K, 28% used [0x00000000bae00000,0x00000000bb3f4900,0x00000000bc300000)
Event: 26.605 GC heap after
Heap after GC invocations=14 (full 3):
 PSYoungGen      total 233472K, used 0K [0x00000000eaa80000, 0x0000000100000000, 0x0000000100000000)
  eden space 117248K, 0% used [0x00000000eaa80000,0x00000000eaa80000,0x00000000f1d00000)
  from space 116224K, 0% used [0x00000000f1d00000,0x00000000f1d00000,0x00000000f8e80000)
  to   space 116224K, 0% used [0x00000000f8e80000,0x00000000f8e80000,0x0000000100000000)
 ParOldGen       total 406528K, used 212734K [0x00000000c0000000, 0x00000000d8d00000, 0x00000000eaa80000)
  object space 406528K, 52% used [0x00000000c0000000,0x00000000ccfbfb50,0x00000000d8d00000)
 PSPermGen       total 21504K, used 6097K [0x00000000bae00000, 0x00000000bc300000, 0x00000000c0000000)
  object space 21504K, 28% used [0x00000000bae00000,0x00000000bb3f47c0,0x00000000bc300000)
}
Event: 27.018 GC heap before
{Heap before GC invocations=15 (full 3):
 PSYoungGen      total 233472K, used 117248K [0x00000000eaa80000, 0x0000000100000000, 0x0000000100000000)
  eden space 117248K, 100% used [0x00000000eaa80000,0x00000000f1d00000,0x00000000f1d00000)
  from space 116224K, 0% used [0x00000000f1d00000,0x00000000f1d00000,0x00000000f8e80000)
  to   space 116224K, 0% used [0x00000000f8e80000,0x00000000f8e80000,0x0000000100000000)
 ParOldGen       total 406528K, used 212734K [0x00000000c0000000, 0x00000000d8d00000, 0x00000000eaa80000)
  object space 406528K, 52% used [0x00000000c0000000,0x00000000ccfbfb50,0x00000000d8d00000)
 PSPermGen       total 21504K, used 6103K [0x00000000bae00000, 0x00000000bc300000, 0x00000000c0000000)
  object space 21504K, 28% used [0x00000000bae00000,0x00000000bb3f5e18,0x00000000bc300000)
Event: 27.312 GC heap after
Heap after GC invocations=15 (full 3):
 PSYoungGen      total 233472K, used 25317K [0x00000000eaa80000, 0x0000000100000000, 0x0000000100000000)
  eden space 117248K, 0% used [0x00000000eaa80000,0x00000000eaa80000,0x00000000f1d00000)
  from space 116224K, 21% used [0x00000000f8e80000,0x00000000fa739628,0x0000000100000000)
  to   space 116224K, 0% used [0x00000000f1d00000,0x00000000f1d00000,0x00000000f8e80000)
 ParOldGen       total 406528K, used 212734K [0x00000000c0000000, 0x00000000d8d00000, 0x00000000eaa80000)
  object space 406528K, 52% used [0x00000000c0000000,0x00000000ccfbfb50,0x00000000d8d00000)
 PSPermGen       total 21504K, used 6103K [0x00000000bae00000, 0x00000000bc300000, 0x00000000c0000000)
  object space 21504K, 28% used [0x00000000bae00000,0x00000000bb3f5e18,0x00000000bc300000)
}
Event: 27.819 GC heap before
{Heap before GC invocations=16 (full 3):
 PSYoungGen      total 233472K, used 142565K [0x00000000eaa80000, 0x0000000100000000, 0x0000000100000000)
  eden space 117248K, 100% used [0x00000000eaa80000,0x00000000f1d00000,0x00000000f1d00000)
  from space 116224K, 21% used [0x00000000f8e80000,0x00000000fa739628,0x0000000100000000)
  to   space 116224K, 0% used [0x00000000f1d00000,0x00000000f1d00000,0x00000000f8e80000)
 ParOldGen       total 406528K, used 212734K [0x00000000c0000000, 0x00000000d8d00000, 0x00000000eaa80000)
  object space 406528K, 52% used [0x00000000c0000000,0x00000000ccfbfb50,0x00000000d8d00000)
 PSPermGen       total 21504K, used 6106K [0x00000000bae00000, 0x00000000bc300000, 0x00000000c0000000)
  object space 21504K, 28% used [0x00000000bae00000,0x00000000bb3f6830,0x00000000bc300000)
Event: 27.931 GC heap after
Heap after GC invocations=16 (full 3):
 PSYoungGen      total 159744K, used 42006K [0x00000000eaa80000, 0x00000000ff700000, 0x0000000100000000)
  eden space 117248K, 0% used [0x00000000eaa80000,0x00000000eaa80000,0x00000000f1d00000)
  from space 42496K, 98% used [0x00000000f1d00000,0x00000000f46058f8,0x00000000f4680000)
  to   space 111616K, 0% used [0x00000000f8a00000,0x00000000f8a00000,0x00000000ff700000)
 ParOldGen       total 406528K, used 235638K [0x00000000c0000000, 0x00000000d8d00000, 0x00000000eaa80000)
  object space 406528K, 57% used [0x00000000c0000000,0x00000000ce61db98,0x00000000d8d00000)
 PSPermGen       total 21504K, used 6106K [0x00000000bae00000, 0x00000000bc300000, 0x00000000c0000000)
  object space 21504K, 28% used [0x00000000bae00000,0x00000000bb3f6830,0x00000000bc300000)
}
Event: 28.641 GC heap before
{Heap before GC invocations=17 (full 3):
 PSYoungGen      total 159744K, used 159254K [0x00000000eaa80000, 0x00000000ff700000, 0x0000000100000000)
  eden space 117248K, 100% used [0x00000000eaa80000,0x00000000f1d00000,0x00000000f1d00000)
  from space 42496K, 98% used [0x00000000f1d00000,0x00000000f46058f8,0x00000000f4680000)
  to   space 111616K, 0% used [0x00000000f8a00000,0x00000000f8a00000,0x00000000ff700000)
 ParOldGen       total 406528K, used 235638K [0x00000000c0000000, 0x00000000d8d00000, 0x00000000eaa80000)
  object space 406528K, 57% used [0x00000000c0000000,0x00000000ce61db98,0x00000000d8d00000)
 PSPermGen       total 21504K, used 6109K [0x00000000bae00000, 0x00000000bc300000, 0x00000000c0000000)
  object space 21504K, 28% used [0x00000000bae00000,0x00000000bb3f7518,0x00000000bc300000)
Event: 28.891 GC heap after
Heap after GC invocations=17 (full 3):
 PSYoungGen      total 227840K, used 68391K [0x00000000eaa80000, 0x0000000100000000, 0x0000000100000000)
  eden space 116224K, 0% used [0x00000000eaa80000,0x00000000eaa80000,0x00000000f1c00000)
  from space 111616K, 61% used [0x00000000f8a00000,0x00000000fccc9d90,0x00000000ff700000)
  to   space 112640K, 0% used [0x00000000f1c00000,0x00000000f1c00000,0x00000000f8a00000)
 ParOldGen       total 406528K, used 235638K [0x00000000c0000000, 0x00000000d8d00000, 0x00000000eaa80000)
  object space 406528K, 57% used [0x00000000c0000000,0x00000000ce61db98,0x00000000d8d00000)
 PSPermGen       total 21504K, used 6109K [0x00000000bae00000, 0x00000000bc300000, 0x00000000c0000000)
  object space 21504K, 28% used [0x00000000bae00000,0x00000000bb3f7518,0x00000000bc300000)
}

Deoptimization events (10 events):
Event: 18.686 Thread 0x00000000022a0800 Uncommon trap: reason=bimorphic action=maybe_recompile pc=0x000000000261a8d0 method=com.android.dx.cf.code.BytecodeArray.parseInstruction(ILcom/android/dx/cf/code/BytecodeArray$Visitor;)I @ 2135
Event: 18.686 Thread 0x00000000022a0800 Uncommon trap: reason=bimorphic action=maybe_recompile pc=0x000000000261a8d0 method=com.android.dx.cf.code.BytecodeArray.parseInstruction(ILcom/android/dx/cf/code/BytecodeArray$Visitor;)I @ 2135
Event: 20.251 Thread 0x00000000022a0800 Uncommon trap: reason=unreached action=reinterpret pc=0x0000000002551610 method=com.android.dx.cf.code.Merger.mergeStack(Lcom/android/dx/cf/code/ExecutionStack;Lcom/android/dx/cf/code/ExecutionStack;)Lcom/android/dx/cf/code/ExecutionStack; @ 2
Event: 26.689 Thread 0x00000000022a0800 Uncommon trap: reason=bimorphic action=maybe_recompile pc=0x000000000257c21c method=com.android.dx.cf.code.BytecodeArray.parseInstruction(ILcom/android/dx/cf/code/BytecodeArray$Visitor;)I @ 1597
Event: 26.689 Thread 0x00000000022a0800 Uncommon trap: reason=bimorphic action=maybe_recompile pc=0x000000000257eb98 method=com.android.dx.cf.code.BytecodeArray.parseInstruction(ILcom/android/dx/cf/code/BytecodeArray$Visitor;)I @ 1357
Event: 26.689 Thread 0x00000000022a0800 Uncommon trap: reason=bimorphic action=maybe_recompile pc=0x000000000257c21c method=com.android.dx.cf.code.BytecodeArray.parseInstruction(ILcom/android/dx/cf/code/BytecodeArray$Visitor;)I @ 1597
Event: 28.575 Thread 0x000000000a896800 Uncommon trap: reason=class_check action=maybe_recompile pc=0x00000000025dc164 method=com.android.dx.cf.code.RopperMachine.run(Lcom/android/dx/cf/code/Frame;II)V @ 310
Event: 28.576 Thread 0x000000000a896800 Uncommon trap: reason=unreached action=reinterpret pc=0x000000000243a8c8 method=com.android.dx.rop.code.DexTranslationAdvice.hasConstantOperation(Lcom/android/dx/rop/code/Rop;Lcom/android/dx/rop/code/RegisterSpec;Lcom/android/dx/rop/code/RegisterSpec;)Z @ ÂÍÍ…‘î<@
Event: 28.581 Thread 0x000000000a896800 Uncommon trap: reason=bimorphic action=maybe_recompile pc=0x00000000025ae908 method=com.android.dx.cf.code.BytecodeArray.parseInstruction(ILcom/android/dx/cf/code/BytecodeArray$Visitor;)I @ 1161
Event: 28.582 Thread 0x000000000a896800 Uncommon trap: reason=bimorphic action=maybe_recompile pc=0x00000000025ae908 method=com.android.dx.cf.code.BytecodeArray.parseInstruction(ILcom/android/dx/cf/code/BytecodeArray$Visitor;)I @ 1161

Internal exceptions (10 events):
Event: 5.553 Thread 0x000000000a896000 Implicit null exception at 0x00000000024814bc to 0x000000000248222d
Event: 5.568 Thread 0x00000000022a0800 Implicit null exception at 0x00000000024698ab to 0x0000000002469f8d
Event: 8.079 Thread 0x00000000022a0800 Threw 0x00000000ec372610 at C:\re\jdk7u79\2331\hotspot\src\share\vm\prims\jvm.cpp:1304
Event: 9.034 Thread 0x000000000a896800 Threw 0x00000000ed187308 at C:\re\jdk7u79\2331\hotspot\src\share\vm\prims\jvm.cpp:1304
Event: 9.155 Thread 0x00000000022a0800 Implicit null exception at 0x000000000257c518 to 0x000000000257f8a1
Event: 9.178 Thread 0x000000000a896000 Threw 0x00000000ed749318 at C:\re\jdk7u79\2331\hotspot\src\share\vm\prims\jvm.cpp:1304
Event: 10.629 Thread 0x000000000a892000 Implicit null exception at 0x00000000025e671c to 0x00000000025e9371
Event: 14.070 Thread 0x00000000022a0800 Threw 0x00000000eeeb4660 at C:\re\jdk7u79\2331\hotspot\src\share\vm\prims\jvm.cpp:1304
Event: 14.087 Thread 0x00000000022a0800 Threw 0x00000000eef93b10 at C:\re\jdk7u79\2331\hotspot\src\share\vm\prims\jvm.cpp:1304
Event: 23.098 Thread 0x00000000022a0800 Threw 0x00000000eae45ba8 at C:\re\jdk7u79\2331\hotspot\src\share\vm\prims\jvm.cpp:1304

Events (10 events):
Event: 28.576 Thread 0x000000000a896800 DEOPT PACKING pc=0x000000000243a8c8 sp=0x000000000bbceb10
Event: 28.576 Thread 0x000000000a896800 DEOPT UNPACKING pc=0x00000000023d75a4 sp=0x000000000bbceab8 mode 2
Event: 28.581 Thread 0x000000000a896800 Uncommon trap: trap_request=0xffffffc6 fr.pc=0x00000000025ae908
Event: 28.581 Thread 0x000000000a896800 DEOPT PACKING pc=0x00000000025ae908 sp=0x000000000bbcebc0
Event: 28.581 Thread 0x000000000a896800 DEOPT UNPACKING pc=0x00000000023d75a4 sp=0x000000000bbceb58 mode 2
Event: 28.582 Thread 0x000000000a896800 Uncommon trap: trap_request=0xffffffc6 fr.pc=0x00000000025ae908
Event: 28.582 Thread 0x000000000a896800 DEOPT PACKING pc=0x00000000025ae908 sp=0x000000000bbceb90
Event: 28.582 Thread 0x000000000a896800 DEOPT UNPACKING pc=0x00000000023d75a4 sp=0x000000000bbceb28 mode 2
Event: 28.620 Executing VM operation: ParallelGCFailedAllocation
Event: 28.891 Executing VM operation: ParallelGCFailedAllocation done


Dynamic libraries:
0x00007ff652720000 - 0x00007ff652753000 	C:\Program Files\Java\jdk1.7.0_79\bin\java.exe
0x00007ffffe730000 - 0x00007ffffe8f1000 	C:\Windows\SYSTEM32\ntdll.dll
0x00007ffffdc80000 - 0x00007ffffdd2d000 	C:\Windows\system32\KERNEL32.DLL
0x00007ffffb010000 - 0x00007ffffb1f8000 	C:\Windows\system32\KERNELBASE.dll
0x00007ffffe280000 - 0x00007ffffe327000 	C:\Windows\system32\ADVAPI32.dll
0x00007ffffdbe0000 - 0x00007ffffdc7d000 	C:\Windows\system32\msvcrt.dll
0x00007ffffd520000 - 0x00007ffffd57b000 	C:\Windows\system32\sechost.dll
0x00007ffffe010000 - 0x00007ffffe12c000 	C:\Windows\system32\RPCRT4.dll
0x00007ffffd3c0000 - 0x00007ffffd516000 	C:\Windows\system32\USER32.dll
0x00007ffffe370000 - 0x00007ffffe4f6000 	C:\Windows\system32\GDI32.dll
0x00007ffff3db0000 - 0x00007ffff4024000 	C:\Windows\WinSxS\amd64_microsoft.windows.common-controls_6595b64144ccf1df_6.0.10586.0_none_8c15ae12515e1c22\COMCTL32.dll
0x00007ffffd090000 - 0x00007ffffd30d000 	C:\Windows\system32\combase.dll
0x00007ffffb200000 - 0x00007ffffb26a000 	C:\Windows\system32\bcryptPrimitives.dll
0x00007ffffe330000 - 0x00007ffffe36b000 	C:\Windows\system32\IMM32.DLL
0x000000005a570000 - 0x000000005a642000 	C:\Program Files\Java\jdk1.7.0_79\jre\bin\msvcr100.dll
0x000000005aac0000 - 0x000000005b295000 	C:\Program Files\Java\jdk1.7.0_79\jre\bin\server\jvm.dll
0x00007ffffdd30000 - 0x00007ffffdd38000 	C:\Windows\system32\PSAPI.DLL
0x00007ffff38f0000 - 0x00007ffff38f9000 	C:\Windows\SYSTEM32\WSOCK32.dll
0x00007ffffe6c0000 - 0x00007ffffe72b000 	C:\Windows\system32\WS2_32.dll
0x00007ffff8120000 - 0x00007ffff8143000 	C:\Windows\SYSTEM32\WINMM.dll
0x00007ffff80b0000 - 0x00007ffff80dc000 	C:\Windows\SYSTEM32\WINMMBASE.dll
0x00007ffffb270000 - 0x00007ffffb2b3000 	C:\Windows\system32\cfgmgr32.dll
0x000000005b2d0000 - 0x000000005b2df000 	C:\Program Files\Java\jdk1.7.0_79\jre\bin\verify.dll
0x000000005a9b0000 - 0x000000005a9d8000 	C:\Program Files\Java\jdk1.7.0_79\jre\bin\java.dll
0x000000005a990000 - 0x000000005a9a5000 	C:\Program Files\Java\jdk1.7.0_79\jre\bin\zip.dll
0x000000005a970000 - 0x000000005a98a000 	C:\Program Files\Java\jdk1.7.0_79\jre\bin\net.dll
0x00007ffffa680000 - 0x00007ffffa6dc000 	C:\Windows\system32\mswsock.dll
0x000000005a950000 - 0x000000005a961000 	C:\Program Files\Java\jdk1.7.0_79\jre\bin\nio.dll

VM Arguments:
jvm_args: -Djava.awt.headless=true -Xmx1024M -Dfile.encoding=windows-1252 -Duser.country=US -Duser.language=en -Duser.variant 
java_command: com.android.dx.command.Main --dex --num-threads=4 --output C:\Users\Kron\AndroidStudioProjects\GoogleMapApp\app\build\intermediates\pre-dexed\debug\com.google.android.gms-play-services-ads-8.4.0_ffeacb48bf6a7a2ec28e3a1d7fb9f34d56a8ffc7.jar C:\Users\Kron\AndroidStudioProjects\GoogleMapApp\app\build\intermediates\exploded-aar\com.google.android.gms\play-services-ads\8.4.0\jars\classes.jar
Launcher Type: SUN_STANDARD

Environment Variables:
PATH=C:\Windows\system32;C:\Windows;C:\Windows\System32\Wbem;C:\Windows\System32\WindowsPowerShell\v1.0\;C:\Program Files (x86)\Skype\Phone\;C:\Program Files (x86)\Calibre2\;C:\Users\Kron\.dnx\bin;C:\Program Files\Microsoft DNX\Dnvm\;C:\Program Files (x86)\Windows Kits\10\Windows Performance Toolkit\;C:\Program Files (x86)\nodejs\;C:\Program Files\Git\cmd;C:\Program Files (x86)\NVIDIA Corporation\PhysX\Common;C:\Program Files (x86)\GtkSharp\2.12\bin;C:\Users\Kron\.dnx\bin;C:\Users\Kron\AppData\Roaming\npm
USERNAME=Kron
OS=Windows_NT
PROCESSOR_IDENTIFIER=Intel64 Family 6 Model 42 Stepping 7, GenuineIntel



---------------  S Y S T E M  ---------------

OS: Windows 8.1 , 64 bit Build 9600 

CPU:total 8 (4 cores per cpu, 2 threads per core) family 6 model 42 stepping 7, cmov, cx8, fxsr, mmx, sse, sse2, sse3, ssse3, sse4.1, sse4.2, popcnt, avx, aes, ht, tsc, tscinvbit

Memory: 4k page, physical 8365548k(1567968k free), swap 10328556k(5376k free)

vm_info: Java HotSpot(TM) 64-Bit Server VM (24.79-b02) for windows-amd64 JRE (1.7.0_79-b15), built on Apr 10 2015 12:36:16 by "java_re" with unknown MS VC++:1600

time: Fri Apr 08 10:19:14 2016
elapsed time: 28 seconds

