#
# There is insufficient memory for the Java Runtime Environment to continue.
# Native memory allocation (malloc) failed to allocate 57456 bytes for Chunk::new
# Possible reasons:
#   The system is out of physical RAM or swap space
#   In 32 bit mode, the process size limit was hit
# Possible solutions:
#   Reduce memory load on the system
#   Increase physical memory or swap space
#   Check if swap backing store is full
#   Use 64 bit Java on a 64 bit OS
#   Decrease Java heap size (-Xmx/-Xms)
#   Decrease number of Java threads
#   Decrease Java thread stack sizes (-Xss)
#   Set larger code cache with -XX:ReservedCodeCacheSize=
# This output file may be truncated or incomplete.
#
#  Out of Memory Error (allocation.cpp:323), pid=4872, tid=4112
#
# JRE version: Java(TM) SE Runtime Environment (7.0_79-b15) (build 1.7.0_79-b15)
# Java VM: Java HotSpot(TM) 64-Bit Server VM (24.79-b02 mixed mode windows-amd64 compressed oops)
# Failed to write core dump. Minidumps are not enabled by default on client versions of Windows
#

---------------  T H R E A D  ---------------

Current thread (0x0000000002265000):  JavaThread "C2 CompilerThread0" daemon [_thread_in_native, id=4112, stack(0x000000000ab50000,0x000000000ac50000)]

Stack: [0x000000000ab50000,0x000000000ac50000]

Current CompileTask:
C2:   8134  423             com.android.dx.dex.file.AnnotationUtils::makeSignature (251 bytes)


---------------  P R O C E S S  ---------------

Java Threads: ( => current thread )
  0x000000000226d000 JavaThread "Service Thread" daemon [_thread_blocked, id=3148, stack(0x000000000ad50000,0x000000000ae50000)]
  0x000000000226c000 JavaThread "C2 CompilerThread1" daemon [_thread_in_native, id=10324, stack(0x000000000ac50000,0x000000000ad50000)]
=>0x0000000002265000 JavaThread "C2 CompilerThread0" daemon [_thread_in_native, id=4112, stack(0x000000000ab50000,0x000000000ac50000)]
  0x0000000002264000 JavaThread "Attach Listener" daemon [_thread_blocked, id=2684, stack(0x000000000aa50000,0x000000000ab50000)]
  0x000000000a571000 JavaThread "Signal Dispatcher" daemon [_thread_blocked, id=1640, stack(0x000000000a950000,0x000000000aa50000)]
  0x0000000008570800 JavaThread "Finalizer" daemon [_thread_blocked, id=8152, stack(0x000000000a450000,0x000000000a550000)]
  0x000000000856a000 JavaThread "Reference Handler" daemon [_thread_blocked, id=6872, stack(0x000000000a350000,0x000000000a450000)]
  0x0000000002170800 JavaThread "main" [_thread_in_vm, id=364, stack(0x0000000001f70000,0x0000000002070000)]

Other Threads:
  0x0000000008565000 VMThread [stack: 0x000000000a250000,0x000000000a350000] [id=5276]
  0x000000000226e000 WatcherThread [stack: 0x000000000ae50000,0x000000000af50000] [id=5708]

VM state:not at safepoint (normal execution)

VM Mutex/Monitor currently owned by a thread: None

Heap
 PSYoungGen      total 72704K, used 27991K [0x00000000eaa80000, 0x00000000ef680000, 0x0000000100000000)
  eden space 67584K, 33% used [0x00000000eaa80000,0x00000000ec0d9cb8,0x00000000eec80000)
  from space 5120K, 99% used [0x00000000ef180000,0x00000000ef67c038,0x00000000ef680000)
  to   space 5120K, 0% used [0x00000000eec80000,0x00000000eec80000,0x00000000ef180000)
 ParOldGen       total 87040K, used 5572K [0x00000000c0000000, 0x00000000c5500000, 0x00000000eaa80000)
  object space 87040K, 6% used [0x00000000c0000000,0x00000000c0571318,0x00000000c5500000)
 PSPermGen       total 21504K, used 5948K [0x00000000bae00000, 0x00000000bc300000, 0x00000000c0000000)
  object space 21504K, 27% used [0x00000000bae00000,0x00000000bb3cf230,0x00000000bc300000)

Card table byte_map: [0x0000000005330000,0x0000000005560000] byte_map_base: 0x0000000004d59000

Polling page: 0x0000000001ed0000

Code Cache  [0x0000000002270000, 0x00000000024e0000, 0x0000000005270000)
 total_blobs=659 nmethods=422 adapters=189 free_code_cache=47293Kb largest_free_block=48399360

Compilation events (10 events):
Event: 8.097 Thread 0x000000000226c000 nmethod 420 0x000000000241b710 code [0x000000000241b860, 0x000000000241ba18]
Event: 8.097 Thread 0x000000000226c000  421             com.android.dx.cf.code.Ropper::getRopMethod (64 bytes)
Event: 8.106 Thread 0x0000000002265000 nmethod 419 0x0000000002439150 code [0x0000000002439380, 0x0000000002439d50]
Event: 8.106 Thread 0x0000000002265000  422             com.android.dx.rop.type.Type::isConstant (2 bytes)
Event: 8.106 Thread 0x0000000002265000 nmethod 422 0x0000000002438f50 code [0x0000000002439080, 0x00000000024390d8]
Event: 8.106 Thread 0x0000000002265000  423             com.android.dx.dex.file.AnnotationUtils::makeSignature (251 bytes)
Event: 8.118 Thread 0x000000000226c000 nmethod 421 0x0000000002437010 code [0x00000000024371e0, 0x00000000024378f8]
Event: 8.118 Thread 0x000000000226c000  424             com.android.dx.util.LabeledList::<init> (57 bytes)
Event: 8.127 Thread 0x000000000226c000 nmethod 424 0x0000000002447490 code [0x0000000002447600, 0x0000000002447988]
Event: 8.127 Thread 0x000000000226c000  425             com.android.dx.dex.cf.CfTranslator::translate0 (259 bytes)

GC Heap History (4 events):
Event: 5.131 GC heap before
{Heap before GC invocations=1 (full 0):
 PSYoungGen      total 38912K, used 33792K [0x00000000eaa80000, 0x00000000ed580000, 0x0000000100000000)
  eden space 33792K, 100% used [0x00000000eaa80000,0x00000000ecb80000,0x00000000ecb80000)
  from space 5120K, 0% used [0x00000000ed080000,0x00000000ed080000,0x00000000ed580000)
  to   space 5120K, 0% used [0x00000000ecb80000,0x00000000ecb80000,0x00000000ed080000)
 ParOldGen       total 87040K, used 0K [0x00000000c0000000, 0x00000000c5500000, 0x00000000eaa80000)
  object space 87040K, 0% used [0x00000000c0000000,0x00000000c0000000,0x00000000c5500000)
 PSPermGen       total 21504K, used 5819K [0x00000000bae00000, 0x00000000bc300000, 0x00000000c0000000)
  object space 21504K, 27% used [0x00000000bae00000,0x00000000bb3aed18,0x00000000bc300000)
Event: 5.261 GC heap after
Heap after GC invocations=1 (full 0):
 PSYoungGen      total 38912K, used 5088K [0x00000000eaa80000, 0x00000000ef680000, 0x0000000100000000)
  eden space 33792K, 0% used [0x00000000eaa80000,0x00000000eaa80000,0x00000000ecb80000)
  from space 5120K, 99% used [0x00000000ecb80000,0x00000000ed0783a0,0x00000000ed080000)
  to   space 5120K, 0% used [0x00000000ef180000,0x00000000ef180000,0x00000000ef680000)
 ParOldGen       total 87040K, used 900K [0x00000000c0000000, 0x00000000c5500000, 0x00000000eaa80000)
  object space 87040K, 1% used [0x00000000c0000000,0x00000000c00e10a0,0x00000000c5500000)
 PSPermGen       total 21504K, used 5819K [0x00000000bae00000, 0x00000000bc300000, 0x00000000c0000000)
  object space 21504K, 27% used [0x00000000bae00000,0x00000000bb3aed18,0x00000000bc300000)
}
Event: 7.124 GC heap before
{Heap before GC invocations=2 (full 0):
 PSYoungGen      total 38912K, used 38880K [0x00000000eaa80000, 0x00000000ef680000, 0x0000000100000000)
  eden space 33792K, 100% used [0x00000000eaa80000,0x00000000ecb80000,0x00000000ecb80000)
  from space 5120K, 99% used [0x00000000ecb80000,0x00000000ed0783a0,0x00000000ed080000)
  to   space 5120K, 0% used [0x00000000ef180000,0x00000000ef180000,0x00000000ef680000)
 ParOldGen       total 87040K, used 900K [0x00000000c0000000, 0x00000000c5500000, 0x00000000eaa80000)
  object space 87040K, 1% used [0x00000000c0000000,0x00000000c00e10a0,0x00000000c5500000)
 PSPermGen       total 21504K, used 5892K [0x00000000bae00000, 0x00000000bc300000, 0x00000000c0000000)
  object space 21504K, 27% used [0x00000000bae00000,0x00000000bb3c1010,0x00000000bc300000)
Event: 7.299 GC heap after
Heap after GC invocations=2 (full 0):
 PSYoungGen      total 72704K, used 5104K [0x00000000eaa80000, 0x00000000ef680000, 0x0000000100000000)
  eden space 67584K, 0% used [0x00000000eaa80000,0x00000000eaa80000,0x00000000eec80000)
  from space 5120K, 99% used [0x00000000ef180000,0x00000000ef67c038,0x00000000ef680000)
  to   space 5120K, 0% used [0x00000000eec80000,0x00000000eec80000,0x00000000ef180000)
 ParOldGen       total 87040K, used 5572K [0x00000000c0000000, 0x00000000c5500000, 0x00000000eaa80000)
  object space 87040K, 6% used [0x00000000c0000000,0x00000000c0571318,0x00000000c5500000)
 PSPermGen       total 21504K, used 5892K [0x00000000bae00000, 0x00000000bc300000, 0x00000000c0000000)
  object space 21504K, 27% used [0x00000000bae00000,0x00000000bb3c1010,0x00000000bc300000)
}

Deoptimization events (10 events):
Event: 6.943 Thread 0x000000000a78f000 Uncommon trap: reason=bimorphic action=maybe_recompile pc=0x00000000023c387c method=com.android.dx.ssa.LiteralOpUpgrader.tryReplacingWithConstant(Lcom/android/dx/ssa/NormalSsaInsn;)Z @ 52
Event: 7.100 Thread 0x0000000002170800 Uncommon trap: reason=uninitialized action=reinterpret pc=0x0000000002398750 method=com.android.dx.cf.code.BytecodeArray.parseInstruction(ILcom/android/dx/cf/code/BytecodeArray$Visitor;)I @ 999
Event: 7.113 Thread 0x0000000002170800 Uncommon trap: reason=bimorphic action=maybe_recompile pc=0x00000000023d3d58 method=com.android.dx.ssa.SCCP.simulatePhi(Lcom/android/dx/ssa/PhiInsn;)V @ 124
Event: 7.113 Thread 0x0000000002170800 Uncommon trap: reason=class_check action=maybe_recompile pc=0x000000000232ab3c method=java.util.HashMap.put(Ljava/lang/Object;Ljava/lang/Object;)Ljava/lang/Object; @ 83
Event: 7.326 Thread 0x000000000a782000 Uncommon trap: reason=bimorphic action=maybe_recompile pc=0x00000000023d3d58 method=com.android.dx.ssa.SCCP.simulatePhi(Lcom/android/dx/ssa/PhiInsn;)V @ 124
Event: 7.326 Thread 0x000000000a782000 Uncommon trap: reason=bimorphic action=maybe_recompile pc=0x00000000023d3d58 method=com.android.dx.ssa.SCCP.simulatePhi(Lcom/android/dx/ssa/PhiInsn;)V @ 124
Event: 7.326 Thread 0x000000000a782000 Uncommon trap: reason=class_check action=maybe_recompile pc=0x000000000232ab3c method=java.util.HashMap.put(Ljava/lang/Object;Ljava/lang/Object;)Ljava/lang/Object; @ 83
Event: 7.327 Thread 0x000000000a782000 Uncommon trap: reason=class_check action=maybe_recompile pc=0x000000000232ab3c method=java.util.HashMap.put(Ljava/lang/Object;Ljava/lang/Object;)Ljava/lang/Object; @ 83
Event: 7.646 Thread 0x000000000a78f000 Uncommon trap: reason=bimorphic action=maybe_recompile pc=0x00000000023d3d58 method=com.android.dx.ssa.SCCP.simulatePhi(Lcom/android/dx/ssa/PhiInsn;)V @ 124
Event: 7.647 Thread 0x000000000a78f000 Uncommon trap: reason=class_check action=maybe_recompile pc=0x000000000232ab3c method=java.util.HashMap.put(Ljava/lang/Object;Ljava/lang/Object;)Ljava/lang/Object; @ 83

Internal exceptions (10 events):
Event: 4.863 Thread 0x0000000002170800 Threw 0x00000000ec8009f8 at C:\re\jdk7u79\2331\hotspot\src\share\vm\prims\jvm.cpp:1304
Event: 4.864 Thread 0x0000000002170800 Threw 0x00000000ec802df8 at C:\re\jdk7u79\2331\hotspot\src\share\vm\prims\jvm.cpp:1304
Event: 4.869 Thread 0x0000000002170800 Threw 0x00000000ec80caa0 at C:\re\jdk7u79\2331\hotspot\src\share\vm\prims\jvm.cpp:1304
Event: 5.276 Thread 0x0000000002170800 Threw 0x00000000eab9dea8 at C:\re\jdk7u79\2331\hotspot\src\share\vm\prims\jvm.cpp:1304
Event: 5.326 Thread 0x000000000a782800 Implicit null exception at 0x000000000235859a to 0x0000000002359315
Event: 6.426 Thread 0x0000000002170800 Implicit null exception at 0x00000000023b2747 to 0x00000000023b2e25
Event: 6.465 Thread 0x000000000a78f000 Threw 0x00000000eb6b44b0 at C:\re\jdk7u79\2331\hotspot\src\share\vm\prims\jvm.cpp:1304
Event: 6.641 Thread 0x000000000a782000 Implicit null exception at 0x00000000022fecd2 to 0x00000000022fedc2
Event: 6.655 Thread 0x000000000a7e9800 Implicit null exception at 0x00000000023636fc to 0x00000000023658f1
Event: 7.912 Thread 0x0000000002170800 Threw 0x00000000ec046058 at C:\re\jdk7u79\2331\hotspot\src\share\vm\prims\jvm.cpp:1304

Events (10 events):
Event: 7.883 loading class 0x000000000a5824c0
Event: 7.883 loading class 0x000000000a7281b0
Event: 7.883 loading class 0x000000000a582340
Event: 7.883 loading class 0x000000000a582340 done
Event: 7.883 loading class 0x000000000a7281b0 done
Event: 7.884 loading class 0x000000000a5824c0 done
Event: 7.884 loading class 0x000000000a582490
Event: 7.884 loading class 0x000000000a582490 done
Event: 7.912 loading class 0x000000000a810c80
Event: 7.912 loading class 0x000000000a810c80 done


Dynamic libraries:
0x00007ff652720000 - 0x00007ff652753000 	C:\Program Files\Java\jdk1.7.0_79\bin\java.exe
0x00007ffffe730000 - 0x00007ffffe8f1000 	C:\Windows\SYSTEM32\ntdll.dll
0x00007ffffdc80000 - 0x00007ffffdd2d000 	C:\Windows\system32\KERNEL32.DLL
0x00007ffffb010000 - 0x00007ffffb1f8000 	C:\Windows\system32\KERNELBASE.dll
0x00007ffffe280000 - 0x00007ffffe327000 	C:\Windows\system32\ADVAPI32.dll
0x00007ffffdbe0000 - 0x00007ffffdc7d000 	C:\Windows\system32\msvcrt.dll
0x00007ffffd520000 - 0x00007ffffd57b000 	C:\Windows\system32\sechost.dll
0x00007ffffe010000 - 0x00007ffffe12c000 	C:\Windows\system32\RPCRT4.dll
0x00007ffffd3c0000 - 0x00007ffffd516000 	C:\Windows\system32\USER32.dll
0x00007ffffe370000 - 0x00007ffffe4f6000 	C:\Windows\system32\GDI32.dll
0x00007ffff3db0000 - 0x00007ffff4024000 	C:\Windows\WinSxS\amd64_microsoft.windows.common-controls_6595b64144ccf1df_6.0.10586.0_none_8c15ae12515e1c22\COMCTL32.dll
0x00007ffffd090000 - 0x00007ffffd30d000 	C:\Windows\system32\combase.dll
0x00007ffffb200000 - 0x00007ffffb26a000 	C:\Windows\system32\bcryptPrimitives.dll
0x00007ffffe330000 - 0x00007ffffe36b000 	C:\Windows\system32\IMM32.DLL
0x000000005a570000 - 0x000000005a642000 	C:\Program Files\Java\jdk1.7.0_79\jre\bin\msvcr100.dll
0x000000005aac0000 - 0x000000005b295000 	C:\Program Files\Java\jdk1.7.0_79\jre\bin\server\jvm.dll
0x00007ffffdd30000 - 0x00007ffffdd38000 	C:\Windows\system32\PSAPI.DLL
0x00007ffff38f0000 - 0x00007ffff38f9000 	C:\Windows\SYSTEM32\WSOCK32.dll
0x00007ffffe6c0000 - 0x00007ffffe72b000 	C:\Windows\system32\WS2_32.dll
0x00007ffff8120000 - 0x00007ffff8143000 	C:\Windows\SYSTEM32\WINMM.dll
0x00007ffff80b0000 - 0x00007ffff80dc000 	C:\Windows\SYSTEM32\WINMMBASE.dll
0x00007ffffb270000 - 0x00007ffffb2b3000 	C:\Windows\system32\cfgmgr32.dll
0x000000005b2d0000 - 0x000000005b2df000 	C:\Program Files\Java\jdk1.7.0_79\jre\bin\verify.dll
0x000000005a9b0000 - 0x000000005a9d8000 	C:\Program Files\Java\jdk1.7.0_79\jre\bin\java.dll
0x000000005a990000 - 0x000000005a9a5000 	C:\Program Files\Java\jdk1.7.0_79\jre\bin\zip.dll
0x000000005a970000 - 0x000000005a98a000 	C:\Program Files\Java\jdk1.7.0_79\jre\bin\net.dll
0x00007ffffa680000 - 0x00007ffffa6dc000 	C:\Windows\system32\mswsock.dll
0x000000005a950000 - 0x000000005a961000 	C:\Program Files\Java\jdk1.7.0_79\jre\bin\nio.dll

VM Arguments:
jvm_args: -Djava.awt.headless=true -Xmx1024M -Dfile.encoding=windows-1252 -Duser.country=US -Duser.language=en -Duser.variant 
java_command: com.android.dx.command.Main --dex --num-threads=4 --output C:\Users\Kron\AndroidStudioProjects\GoogleMapApp\app\build\intermediates\pre-dexed\debug\com.google.android.gms-play-services-wallet-8.4.0_b076b1f1e220593972eac8770a7aa2e44a8c95b1.jar C:\Users\Kron\AndroidStudioProjects\GoogleMapApp\app\build\intermediates\exploded-aar\com.google.android.gms\play-services-wallet\8.4.0\jars\classes.jar
Launcher Type: SUN_STANDARD

Environment Variables:
PATH=C:\Windows\system32;C:\Windows;C:\Windows\System32\Wbem;C:\Windows\System32\WindowsPowerShell\v1.0\;C:\Program Files (x86)\Skype\Phone\;C:\Program Files (x86)\Calibre2\;C:\Users\Kron\.dnx\bin;C:\Program Files\Microsoft DNX\Dnvm\;C:\Program Files (x86)\Windows Kits\10\Windows Performance Toolkit\;C:\Program Files (x86)\nodejs\;C:\Program Files\Git\cmd;C:\Program Files (x86)\NVIDIA Corporation\PhysX\Common;C:\Program Files (x86)\GtkSharp\2.12\bin;C:\Users\Kron\.dnx\bin;C:\Users\Kron\AppData\Roaming\npm
USERNAME=Kron
OS=Windows_NT
PROCESSOR_IDENTIFIER=Intel64 Family 6 Model 42 Stepping 7, GenuineIntel



---------------  S Y S T E M  ---------------

OS: Windows 8.1 , 64 bit Build 9600 

CPU:total 8 (4 cores per cpu, 2 threads per core) family 6 model 42 stepping 7, cmov, cx8, fxsr, mmx, sse, sse2, sse3, ssse3, sse4.1, sse4.2, popcnt, avx, aes, ht, tsc, tscinvbit

Memory: 4k page, physical 8365548k(1646252k free), swap 10328556k(5144k free)

vm_info: Java HotSpot(TM) 64-Bit Server VM (24.79-b02) for windows-amd64 JRE (1.7.0_79-b15), built on Apr 10 2015 12:36:16 by "java_re" with unknown MS VC++:1600

time: Fri Apr 08 10:15:23 2016
elapsed time: 8 seconds

