#
# There is insufficient memory for the Java Runtime Environment to continue.
# Native memory allocation (malloc) failed to allocate 32744 bytes for ChunkPool::allocate
# Possible reasons:
#   The system is out of physical RAM or swap space
#   In 32 bit mode, the process size limit was hit
# Possible solutions:
#   Reduce memory load on the system
#   Increase physical memory or swap space
#   Check if swap backing store is full
#   Use 64 bit Java on a 64 bit OS
#   Decrease Java heap size (-Xmx/-Xms)
#   Decrease number of Java threads
#   Decrease Java thread stack sizes (-Xss)
#   Set larger code cache with -XX:ReservedCodeCacheSize=
# This output file may be truncated or incomplete.
#
#  Out of Memory Error (allocation.cpp:211), pid=7460, tid=6004
#
# JRE version: Java(TM) SE Runtime Environment (7.0_79-b15) (build 1.7.0_79-b15)
# Java VM: Java HotSpot(TM) 64-Bit Server VM (24.79-b02 mixed mode windows-amd64 compressed oops)
# Failed to write core dump. Minidumps are not enabled by default on client versions of Windows
#

---------------  T H R E A D  ---------------

Current thread (0x000000000228e800):  JavaThread "C2 CompilerThread1" daemon [_thread_in_native, id=6004, stack(0x000000000ac80000,0x000000000ad80000)]

Stack: [0x000000000ac80000,0x000000000ad80000]

Current CompileTask:
C2:  12955  763             com.android.dx.dex.code.form.Form35c::writeTo (157 bytes)


---------------  P R O C E S S  ---------------

Java Threads: ( => current thread )
  0x000000000228f800 JavaThread "Service Thread" daemon [_thread_blocked, id=6824, stack(0x000000000ad80000,0x000000000ae80000)]
=>0x000000000228e800 JavaThread "C2 CompilerThread1" daemon [_thread_in_native, id=6004, stack(0x000000000ac80000,0x000000000ad80000)]
  0x000000000228d000 JavaThread "C2 CompilerThread0" daemon [_thread_in_native, id=5196, stack(0x000000000ab80000,0x000000000ac80000)]
  0x000000000a5a1000 JavaThread "Attach Listener" daemon [_thread_blocked, id=2908, stack(0x000000000aa80000,0x000000000ab80000)]
  0x000000000a5a0800 JavaThread "Signal Dispatcher" daemon [_thread_blocked, id=5816, stack(0x000000000a980000,0x000000000aa80000)]
  0x000000000859b000 JavaThread "Finalizer" daemon [_thread_blocked, id=10792, stack(0x000000000a480000,0x000000000a580000)]
  0x000000000859a000 JavaThread "Reference Handler" daemon [_thread_blocked, id=10048, stack(0x000000000a380000,0x000000000a480000)]
  0x00000000021a0800 JavaThread "main" [_thread_in_Java, id=7312, stack(0x0000000001fa0000,0x00000000020a0000)]

Other Threads:
  0x0000000008595000 VMThread [stack: 0x000000000a280000,0x000000000a380000] [id=10404]
  0x0000000002296000 WatcherThread [stack: 0x000000000ae80000,0x000000000af80000] [id=5664]

VM state:not at safepoint (normal execution)

VM Mutex/Monitor currently owned by a thread:  ([mutex/lock_event])
[0x0000000001f5b940] CodeCache_lock - owner thread: 0x000000000228d000
[0x0000000001f5e5a0] Compile_lock - owner thread: 0x0000000000000000

Heap
 PSYoungGen      total 140288K, used 88723K [0x00000000eaa80000, 0x00000000f3880000, 0x0000000100000000)
  eden space 135168K, 61% used [0x00000000eaa80000,0x00000000efc2ced8,0x00000000f2e80000)
  from space 5120K, 99% used [0x00000000f3380000,0x00000000f3878038,0x00000000f3880000)
  to   space 5120K, 0% used [0x00000000f2e80000,0x00000000f2e80000,0x00000000f3380000)
 ParOldGen       total 87040K, used 25949K [0x00000000c0000000, 0x00000000c5500000, 0x00000000eaa80000)
  object space 87040K, 29% used [0x00000000c0000000,0x00000000c1957510,0x00000000c5500000)
 PSPermGen       total 21504K, used 6292K [0x00000000bae00000, 0x00000000bc300000, 0x00000000c0000000)
  object space 21504K, 29% used [0x00000000bae00000,0x00000000bb425048,0x00000000bc300000)

Card table byte_map: [0x0000000005360000,0x0000000005590000] byte_map_base: 0x0000000004d89000

Polling page: 0x00000000008e0000

Code Cache  [0x00000000022a0000, 0x0000000002550000, 0x00000000052a0000)
 total_blobs=987 nmethods=749 adapters=190 free_code_cache=46564Kb largest_free_block=47529152

Compilation events (10 events):
Event: 12.775 Thread 0x000000000228d000  758             com.android.dx.dex.code.DalvCode::getInsns (9 bytes)
Event: 12.776 Thread 0x000000000228d000 nmethod 758 0x0000000002548fd0 code [0x0000000002549100, 0x0000000002549178]
Event: 12.781 Thread 0x000000000228e800  759             com.android.dx.dex.code.InsnFormat::write (8 bytes)
Event: 12.784 Thread 0x000000000228e800 nmethod 759 0x0000000002546510 code [0x0000000002546680, 0x0000000002546818]
Event: 12.928 Thread 0x000000000228d000  760             com.android.dx.dex.code.InsnFormat::write (15 bytes)
Event: 12.933 Thread 0x000000000228e800  761             com.android.dx.dex.code.InsnFormat::write (22 bytes)
Event: 12.934 Thread 0x000000000228d000 nmethod 760 0x0000000002545c90 code [0x0000000002545e20, 0x0000000002546150]
Event: 12.934 Thread 0x000000000228d000  762             com.android.dx.dex.code.form.Form35c::explicitize (105 bytes)
Event: 12.941 Thread 0x000000000228e800 nmethod 761 0x00000000025450d0 code [0x0000000002545280, 0x0000000002545750]
Event: 12.941 Thread 0x000000000228e800  763             com.android.dx.dex.code.form.Form35c::writeTo (157 bytes)

GC Heap History (8 events):
Event: 3.049 GC heap before
{Heap before GC invocations=1 (full 0):
 PSYoungGen      total 38912K, used 33792K [0x00000000eaa80000, 0x00000000ed580000, 0x0000000100000000)
  eden space 33792K, 100% used [0x00000000eaa80000,0x00000000ecb80000,0x00000000ecb80000)
  from space 5120K, 0% used [0x00000000ed080000,0x00000000ed080000,0x00000000ed580000)
  to   space 5120K, 0% used [0x00000000ecb80000,0x00000000ecb80000,0x00000000ed080000)
 ParOldGen       total 87040K, used 0K [0x00000000c0000000, 0x00000000c5500000, 0x00000000eaa80000)
  object space 87040K, 0% used [0x00000000c0000000,0x00000000c0000000,0x00000000c5500000)
 PSPermGen       total 21504K, used 5810K [0x00000000bae00000, 0x00000000bc300000, 0x00000000c0000000)
  object space 21504K, 27% used [0x00000000bae00000,0x00000000bb3ac968,0x00000000bc300000)
Event: 3.119 GC heap after
Heap after GC invocations=1 (full 0):
 PSYoungGen      total 38912K, used 5102K [0x00000000eaa80000, 0x00000000ef680000, 0x0000000100000000)
  eden space 33792K, 0% used [0x00000000eaa80000,0x00000000eaa80000,0x00000000ecb80000)
  from space 5120K, 99% used [0x00000000ecb80000,0x00000000ed07b9a8,0x00000000ed080000)
  to   space 5120K, 0% used [0x00000000ef180000,0x00000000ef180000,0x00000000ef680000)
 ParOldGen       total 87040K, used 583K [0x00000000c0000000, 0x00000000c5500000, 0x00000000eaa80000)
  object space 87040K, 0% used [0x00000000c0000000,0x00000000c0091e20,0x00000000c5500000)
 PSPermGen       total 21504K, used 5810K [0x00000000bae00000, 0x00000000bc300000, 0x00000000c0000000)
  object space 21504K, 27% used [0x00000000bae00000,0x00000000bb3ac968,0x00000000bc300000)
}
Event: 4.712 GC heap before
{Heap before GC invocations=2 (full 0):
 PSYoungGen      total 38912K, used 38894K [0x00000000eaa80000, 0x00000000ef680000, 0x0000000100000000)
  eden space 33792K, 100% used [0x00000000eaa80000,0x00000000ecb80000,0x00000000ecb80000)
  from space 5120K, 99% used [0x00000000ecb80000,0x00000000ed07b9a8,0x00000000ed080000)
  to   space 5120K, 0% used [0x00000000ef180000,0x00000000ef180000,0x00000000ef680000)
 ParOldGen       total 87040K, used 583K [0x00000000c0000000, 0x00000000c5500000, 0x00000000eaa80000)
  object space 87040K, 0% used [0x00000000c0000000,0x00000000c0091e20,0x00000000c5500000)
 PSPermGen       total 21504K, used 5910K [0x00000000bae00000, 0x00000000bc300000, 0x00000000c0000000)
  object space 21504K, 27% used [0x00000000bae00000,0x00000000bb3c58d0,0x00000000bc300000)
Event: 4.773 GC heap after
Heap after GC invocations=2 (full 0):
 PSYoungGen      total 72704K, used 5098K [0x00000000eaa80000, 0x00000000ef680000, 0x0000000100000000)
  eden space 67584K, 0% used [0x00000000eaa80000,0x00000000eaa80000,0x00000000eec80000)
  from space 5120K, 99% used [0x00000000ef180000,0x00000000ef67aab8,0x00000000ef680000)
  to   space 5120K, 0% used [0x00000000eec80000,0x00000000eec80000,0x00000000ef180000)
 ParOldGen       total 87040K, used 4980K [0x00000000c0000000, 0x00000000c5500000, 0x00000000eaa80000)
  object space 87040K, 5% used [0x00000000c0000000,0x00000000c04dd0a0,0x00000000c5500000)
 PSPermGen       total 21504K, used 5910K [0x00000000bae00000, 0x00000000bc300000, 0x00000000c0000000)
  object space 21504K, 27% used [0x00000000bae00000,0x00000000bb3c58d0,0x00000000bc300000)
}
Event: 6.074 GC heap before
{Heap before GC invocations=3 (full 0):
 PSYoungGen      total 72704K, used 72682K [0x00000000eaa80000, 0x00000000ef680000, 0x0000000100000000)
  eden space 67584K, 100% used [0x00000000eaa80000,0x00000000eec80000,0x00000000eec80000)
  from space 5120K, 99% used [0x00000000ef180000,0x00000000ef67aab8,0x00000000ef680000)
  to   space 5120K, 0% used [0x00000000eec80000,0x00000000eec80000,0x00000000ef180000)
 ParOldGen       total 87040K, used 4980K [0x00000000c0000000, 0x00000000c5500000, 0x00000000eaa80000)
  object space 87040K, 5% used [0x00000000c0000000,0x00000000c04dd0a0,0x00000000c5500000)
 PSPermGen       total 21504K, used 5965K [0x00000000bae00000, 0x00000000bc300000, 0x00000000c0000000)
  object space 21504K, 27% used [0x00000000bae00000,0x00000000bb3d35c0,0x00000000bc300000)
Event: 6.108 GC heap after
Heap after GC invocations=3 (full 0):
 PSYoungGen      total 72704K, used 5112K [0x00000000eaa80000, 0x00000000f3880000, 0x0000000100000000)
  eden space 67584K, 0% used [0x00000000eaa80000,0x00000000eaa80000,0x00000000eec80000)
  from space 5120K, 99% used [0x00000000eec80000,0x00000000ef17e198,0x00000000ef180000)
  to   space 5120K, 0% used [0x00000000f3380000,0x00000000f3380000,0x00000000f3880000)
 ParOldGen       total 87040K, used 15587K [0x00000000c0000000, 0x00000000c5500000, 0x00000000eaa80000)
  object space 87040K, 17% used [0x00000000c0000000,0x00000000c0f38d10,0x00000000c5500000)
 PSPermGen       total 21504K, used 5965K [0x00000000bae00000, 0x00000000bc300000, 0x00000000c0000000)
  object space 21504K, 27% used [0x00000000bae00000,0x00000000bb3d35c0,0x00000000bc300000)
}
Event: 7.403 GC heap before
{Heap before GC invocations=4 (full 0):
 PSYoungGen      total 72704K, used 72696K [0x00000000eaa80000, 0x00000000f3880000, 0x0000000100000000)
  eden space 67584K, 100% used [0x00000000eaa80000,0x00000000eec80000,0x00000000eec80000)
  from space 5120K, 99% used [0x00000000eec80000,0x00000000ef17e198,0x00000000ef180000)
  to   space 5120K, 0% used [0x00000000f3380000,0x00000000f3380000,0x00000000f3880000)
 ParOldGen       total 87040K, used 15587K [0x00000000c0000000, 0x00000000c5500000, 0x00000000eaa80000)
  object space 87040K, 17% used [0x00000000c0000000,0x00000000c0f38d10,0x00000000c5500000)
 PSPermGen       total 21504K, used 6009K [0x00000000bae00000, 0x00000000bc300000, 0x00000000c0000000)
  object space 21504K, 27% used [0x00000000bae00000,0x00000000bb3de610,0x00000000bc300000)
Event: 7.608 GC heap after
Heap after GC invocations=4 (full 0):
 PSYoungGen      total 140288K, used 5088K [0x00000000eaa80000, 0x00000000f3880000, 0x0000000100000000)
  eden space 135168K, 0% used [0x00000000eaa80000,0x00000000eaa80000,0x00000000f2e80000)
  from space 5120K, 99% used [0x00000000f3380000,0x00000000f3878038,0x00000000f3880000)
  to   space 5120K, 0% used [0x00000000f2e80000,0x00000000f2e80000,0x00000000f3380000)
 ParOldGen       total 87040K, used 25949K [0x00000000c0000000, 0x00000000c5500000, 0x00000000eaa80000)
  object space 87040K, 29% used [0x00000000c0000000,0x00000000c1957510,0x00000000c5500000)
 PSPermGen       total 21504K, used 6009K [0x00000000bae00000, 0x00000000bc300000, 0x00000000c0000000)
  object space 21504K, 27% used [0x00000000bae00000,0x00000000bb3de610,0x00000000bc300000)
}

Deoptimization events (10 events):
Event: 10.033 Thread 0x00000000021a0800 Uncommon trap: reason=class_check action=maybe_recompile pc=0x00000000024dcd18 method=java.util.Arrays.equals([Ljava/lang/Object;[Ljava/lang/Object;)Z @ 62
Event: 10.034 Thread 0x00000000021a0800 Uncommon trap: reason=class_check action=maybe_recompile pc=0x00000000024dcd18 method=java.util.Arrays.equals([Ljava/lang/Object;[Ljava/lang/Object;)Z @ 62
Event: 10.034 Thread 0x00000000021a0800 Uncommon trap: reason=class_check action=maybe_recompile pc=0x00000000024dcd18 method=java.util.Arrays.equals([Ljava/lang/Object;[Ljava/lang/Object;)Z @ 62
Event: 10.548 Thread 0x00000000021a0800 Uncommon trap: reason=unreached action=reinterpret pc=0x0000000002537480 method=com.android.dx.dex.code.OutputFinisher.findOpcodeForInsn(Lcom/android/dx/dex/code/DalvInsn;Lcom/android/dx/dex/code/Dop;)Lcom/android/dx/dex/code/Dop; @ 1
Event: 10.550 Thread 0x00000000021a0800 Uncommon trap: reason=unreached action=reinterpret pc=0x000000000253104c method=com.android.dx.dex.code.OutputFinisher.findOpcodeForInsn(Lcom/android/dx/dex/code/DalvInsn;Lcom/android/dx/dex/code/Dop;)Lcom/android/dx/dex/code/Dop; @ 1
Event: 10.706 Thread 0x00000000021a0800 Uncommon trap: reason=class_check action=maybe_recompile pc=0x00000000024974f8 method=com.android.dx.dex.code.OutputFinisher.calculateReservedCount([Lcom/android/dx/dex/code/Dop;)I @ 72
Event: 10.707 Thread 0x00000000021a0800 Uncommon trap: reason=class_check action=maybe_recompile pc=0x0000000002497fec method=com.android.dx.dex.code.OutputFinisher.calculateReservedCount([Lcom/android/dx/dex/code/Dop;)I @ 72
Event: 10.709 Thread 0x00000000021a0800 Uncommon trap: reason=class_check action=maybe_recompile pc=0x00000000024974f8 method=com.android.dx.dex.code.OutputFinisher.calculateReservedCount([Lcom/android/dx/dex/code/Dop;)I @ 72
Event: 10.710 Thread 0x00000000021a0800 Uncommon trap: reason=class_check action=maybe_recompile pc=0x0000000002497fec method=com.android.dx.dex.code.OutputFinisher.calculateReservedCount([Lcom/android/dx/dex/code/Dop;)I @ 72
Event: 10.725 Thread 0x00000000021a0800 Uncommon trap: reason=class_check action=maybe_recompile pc=0x00000000024974f8 method=com.android.dx.dex.code.OutputFinisher.calculateReservedCount([Lcom/android/dx/dex/code/Dop;)I @ 72

Internal exceptions (10 events):
Event: 10.033 Thread 0x00000000021a0800 Threw 0x00000000ef3f3720 at C:\re\jdk7u79\2331\hotspot\src\share\vm\prims\jvm.cpp:1304
Event: 10.034 Thread 0x00000000021a0800 Threw 0x00000000ef3f66f8 at C:\re\jdk7u79\2331\hotspot\src\share\vm\prims\jvm.cpp:1304
Event: 10.034 Thread 0x00000000021a0800 Threw 0x00000000ef3f9718 at C:\re\jdk7u79\2331\hotspot\src\share\vm\prims\jvm.cpp:1304
Event: 10.548 Thread 0x00000000021a0800 Threw 0x00000000ef4c0c00 at C:\re\jdk7u79\2331\hotspot\src\share\vm\prims\jvm.cpp:1304
Event: 11.345 Thread 0x00000000021a0800 Threw 0x00000000ef94a7b0 at C:\re\jdk7u79\2331\hotspot\src\share\vm\prims\jvm.cpp:1304
Event: 11.379 Thread 0x00000000021a0800 Threw 0x00000000ef956318 at C:\re\jdk7u79\2331\hotspot\src\share\vm\prims\jvm.cpp:1304
Event: 11.380 Thread 0x00000000021a0800 Threw 0x00000000ef958e90 at C:\re\jdk7u79\2331\hotspot\src\share\vm\prims\jvm.cpp:1304
Event: 11.493 Thread 0x00000000021a0800 Threw 0x00000000efa188f8 at C:\re\jdk7u79\2331\hotspot\src\share\vm\prims\jvm.cpp:1304
Event: 11.826 Thread 0x00000000021a0800 Threw 0x00000000efb72c58 at C:\re\jdk7u79\2331\hotspot\src\share\vm\prims\jvm.cpp:1304
Event: 11.860 Thread 0x00000000021a0800 Threw 0x00000000efb78dd8 at C:\re\jdk7u79\2331\hotspot\src\share\vm\prims\jvm.cpp:1304

Events (10 events):
Event: 11.493 loading class 0x000000000a8136e0
Event: 11.493 loading class 0x000000000a8136e0 done
Event: 11.825 loading class 0x000000000a61b150
Event: 11.825 loading class 0x000000000a61b150 done
Event: 11.860 loading class 0x000000000a5c3ec0
Event: 11.860 loading class 0x000000000a5c3ec0 done
Event: 11.872 Thread 0x000000000228d000 flushing nmethod 0x00000000023c66d0
Event: 12.088 Thread 0x000000000228d000 flushing nmethod 0x00000000023ef890
Event: 12.262 Thread 0x000000000228e800 flushing nmethod 0x000000000244fa50
Event: 12.273 Thread 0x000000000228e800 flushing nmethod 0x00000000024f9f10


Dynamic libraries:
0x00007ff652720000 - 0x00007ff652753000 	C:\Program Files\Java\jdk1.7.0_79\bin\java.exe
0x00007ffffe730000 - 0x00007ffffe8f1000 	C:\Windows\SYSTEM32\ntdll.dll
0x00007ffffdc80000 - 0x00007ffffdd2d000 	C:\Windows\system32\KERNEL32.DLL
0x00007ffffb010000 - 0x00007ffffb1f8000 	C:\Windows\system32\KERNELBASE.dll
0x00007ffffe280000 - 0x00007ffffe327000 	C:\Windows\system32\ADVAPI32.dll
0x00007ffffdbe0000 - 0x00007ffffdc7d000 	C:\Windows\system32\msvcrt.dll
0x00007ffffd520000 - 0x00007ffffd57b000 	C:\Windows\system32\sechost.dll
0x00007ffffe010000 - 0x00007ffffe12c000 	C:\Windows\system32\RPCRT4.dll
0x00007ffffd3c0000 - 0x00007ffffd516000 	C:\Windows\system32\USER32.dll
0x00007ffffe370000 - 0x00007ffffe4f6000 	C:\Windows\system32\GDI32.dll
0x00007ffff3db0000 - 0x00007ffff4024000 	C:\Windows\WinSxS\amd64_microsoft.windows.common-controls_6595b64144ccf1df_6.0.10586.0_none_8c15ae12515e1c22\COMCTL32.dll
0x00007ffffd090000 - 0x00007ffffd30d000 	C:\Windows\system32\combase.dll
0x00007ffffb200000 - 0x00007ffffb26a000 	C:\Windows\system32\bcryptPrimitives.dll
0x00007ffffe330000 - 0x00007ffffe36b000 	C:\Windows\system32\IMM32.DLL
0x000000005a570000 - 0x000000005a642000 	C:\Program Files\Java\jdk1.7.0_79\jre\bin\msvcr100.dll
0x000000005aac0000 - 0x000000005b295000 	C:\Program Files\Java\jdk1.7.0_79\jre\bin\server\jvm.dll
0x00007ffffdd30000 - 0x00007ffffdd38000 	C:\Windows\system32\PSAPI.DLL
0x00007ffff38f0000 - 0x00007ffff38f9000 	C:\Windows\SYSTEM32\WSOCK32.dll
0x00007ffffe6c0000 - 0x00007ffffe72b000 	C:\Windows\system32\WS2_32.dll
0x00007ffff8120000 - 0x00007ffff8143000 	C:\Windows\SYSTEM32\WINMM.dll
0x00007ffff80b0000 - 0x00007ffff80dc000 	C:\Windows\SYSTEM32\WINMMBASE.dll
0x00007ffffb270000 - 0x00007ffffb2b3000 	C:\Windows\system32\cfgmgr32.dll
0x000000005b2d0000 - 0x000000005b2df000 	C:\Program Files\Java\jdk1.7.0_79\jre\bin\verify.dll
0x000000005a9b0000 - 0x000000005a9d8000 	C:\Program Files\Java\jdk1.7.0_79\jre\bin\java.dll
0x000000005a990000 - 0x000000005a9a5000 	C:\Program Files\Java\jdk1.7.0_79\jre\bin\zip.dll
0x000000005a970000 - 0x000000005a98a000 	C:\Program Files\Java\jdk1.7.0_79\jre\bin\net.dll
0x00007ffffa680000 - 0x00007ffffa6dc000 	C:\Windows\system32\mswsock.dll
0x000000005a950000 - 0x000000005a961000 	C:\Program Files\Java\jdk1.7.0_79\jre\bin\nio.dll

VM Arguments:
jvm_args: -Djava.awt.headless=true -Xmx1024M -Dfile.encoding=windows-1252 -Duser.country=US -Duser.language=en -Duser.variant 
java_command: com.android.dx.command.Main --dex --num-threads=4 --output C:\Users\Kron\AndroidStudioProjects\GoogleMapApp\app\build\intermediates\pre-dexed\debug\com.google.android.gms-play-services-basement-8.4.0_c4a070c39a13ac932d03504f1bb0a3ce2847bbcb.jar C:\Users\Kron\AndroidStudioProjects\GoogleMapApp\app\build\intermediates\exploded-aar\com.google.android.gms\play-services-basement\8.4.0\jars\classes.jar
Launcher Type: SUN_STANDARD

Environment Variables:
PATH=C:\Windows\system32;C:\Windows;C:\Windows\System32\Wbem;C:\Windows\System32\WindowsPowerShell\v1.0\;C:\Program Files (x86)\Skype\Phone\;C:\Program Files (x86)\Calibre2\;C:\Users\Kron\.dnx\bin;C:\Program Files\Microsoft DNX\Dnvm\;C:\Program Files (x86)\Windows Kits\10\Windows Performance Toolkit\;C:\Program Files (x86)\nodejs\;C:\Program Files\Git\cmd;C:\Program Files (x86)\NVIDIA Corporation\PhysX\Common;C:\Program Files (x86)\GtkSharp\2.12\bin;C:\Users\Kron\.dnx\bin;C:\Users\Kron\AppData\Roaming\npm
USERNAME=Kron
OS=Windows_NT
PROCESSOR_IDENTIFIER=Intel64 Family 6 Model 42 Stepping 7, GenuineIntel



---------------  S Y S T E M  ---------------

OS: Windows 8.1 , 64 bit Build 9600 

CPU:total 8 (4 cores per cpu, 2 threads per core) family 6 model 42 stepping 7, cmov, cx8, fxsr, mmx, sse, sse2, sse3, ssse3, sse4.1, sse4.2, popcnt, avx, aes, ht, tsc, tscinvbit

Memory: 4k page, physical 8365548k(1592572k free), swap 10328556k(5144k free)

vm_info: Java HotSpot(TM) 64-Bit Server VM (24.79-b02) for windows-amd64 JRE (1.7.0_79-b15), built on Apr 10 2015 12:36:16 by "java_re" with unknown MS VC++:1600

time: Fri Apr 08 10:15:11 2016
elapsed time: 12 seconds

