#
# There is insufficient memory for the Java Runtime Environment to continue.
# Native memory allocation (malloc) failed to allocate 1338016 bytes for Chunk::new
# Possible reasons:
#   The system is out of physical RAM or swap space
#   In 32 bit mode, the process size limit was hit
# Possible solutions:
#   Reduce memory load on the system
#   Increase physical memory or swap space
#   Check if swap backing store is full
#   Use 64 bit Java on a 64 bit OS
#   Decrease Java heap size (-Xmx/-Xms)
#   Decrease number of Java threads
#   Decrease Java thread stack sizes (-Xss)
#   Set larger code cache with -XX:ReservedCodeCacheSize=
# This output file may be truncated or incomplete.
#
#  Out of Memory Error (allocation.cpp:323), pid=1416, tid=4208
#
# JRE version: Java(TM) SE Runtime Environment (7.0_79-b15) (build 1.7.0_79-b15)
# Java VM: Java HotSpot(TM) 64-Bit Server VM (24.79-b02 mixed mode windows-amd64 compressed oops)
# Failed to write core dump. Minidumps are not enabled by default on client versions of Windows
#

---------------  T H R E A D  ---------------

Current thread (0x000000000228f000):  JavaThread "C2 CompilerThread1" daemon [_thread_in_native, id=4208, stack(0x000000000ac70000,0x000000000ad70000)]

Stack: [0x000000000ac70000,0x000000000ad70000]

Current CompileTask:
C2:   9495  438             com.android.dx.rop.code.Rops::ropFor (771 bytes)


---------------  P R O C E S S  ---------------

Java Threads: ( => current thread )
  0x000000000a78c800 JavaThread "pool-1-thread-4" [_thread_blocked, id=11076, stack(0x000000000b370000,0x000000000b470000)]
  0x000000000a78b800 JavaThread "pool-1-thread-3" [_thread_in_Java, id=252, stack(0x000000000b270000,0x000000000b370000)]
  0x000000000a78b000 JavaThread "pool-1-thread-2" [_thread_in_Java, id=6032, stack(0x000000000b170000,0x000000000b270000)]
  0x000000000a78a000 JavaThread "pool-2-thread-1" [_thread_blocked, id=9696, stack(0x000000000b070000,0x000000000b170000)]
  0x000000000a736000 JavaThread "pool-1-thread-1" [_thread_blocked, id=10200, stack(0x000000000af70000,0x000000000b070000)]
  0x000000000228f800 JavaThread "Service Thread" daemon [_thread_blocked, id=928, stack(0x000000000ad70000,0x000000000ae70000)]
=>0x000000000228f000 JavaThread "C2 CompilerThread1" daemon [_thread_in_native, id=4208, stack(0x000000000ac70000,0x000000000ad70000)]
  0x000000000228d000 JavaThread "C2 CompilerThread0" daemon [_thread_in_native, id=7252, stack(0x000000000ab70000,0x000000000ac70000)]
  0x000000000228c000 JavaThread "Attach Listener" daemon [_thread_blocked, id=9088, stack(0x000000000aa70000,0x000000000ab70000)]
  0x0000000002287000 JavaThread "Signal Dispatcher" daemon [_thread_blocked, id=3144, stack(0x000000000a970000,0x000000000aa70000)]
  0x000000000859a800 JavaThread "Finalizer" daemon [_thread_blocked, id=7552, stack(0x000000000a470000,0x000000000a570000)]
  0x0000000008599800 JavaThread "Reference Handler" daemon [_thread_blocked, id=8132, stack(0x000000000a370000,0x000000000a470000)]
  0x00000000021a0800 JavaThread "main" [_thread_blocked, id=9512, stack(0x0000000001fa0000,0x00000000020a0000)]

Other Threads:
  0x0000000008595000 VMThread [stack: 0x000000000a270000,0x000000000a370000] [id=9252]
  0x0000000002296000 WatcherThread [stack: 0x000000000ae70000,0x000000000af70000] [id=3464]

VM state:not at safepoint (normal execution)

VM Mutex/Monitor currently owned by a thread: None

Heap
 PSYoungGen      total 38912K, used 23656K [0x00000000eaa80000, 0x00000000ef680000, 0x0000000100000000)
  eden space 33792K, 54% used [0x00000000eaa80000,0x00000000ebc9c108,0x00000000ecb80000)
  from space 5120K, 99% used [0x00000000ecb80000,0x00000000ed07e2d8,0x00000000ed080000)
  to   space 5120K, 0% used [0x00000000ef180000,0x00000000ef180000,0x00000000ef680000)
 ParOldGen       total 87040K, used 10927K [0x00000000c0000000, 0x00000000c5500000, 0x00000000eaa80000)
  object space 87040K, 12% used [0x00000000c0000000,0x00000000c0aabfa8,0x00000000c5500000)
 PSPermGen       total 21504K, used 5950K [0x00000000bae00000, 0x00000000bc300000, 0x00000000c0000000)
  object space 21504K, 27% used [0x00000000bae00000,0x00000000bb3cf990,0x00000000bc300000)

Card table byte_map: [0x0000000005360000,0x0000000005590000] byte_map_base: 0x0000000004d89000

Polling page: 0x00000000008e0000

Code Cache  [0x00000000022a0000, 0x0000000002510000, 0x00000000052a0000)
 total_blobs=682 nmethods=445 adapters=189 free_code_cache=47284Kb largest_free_block=48374848

Compilation events (10 events):
Event: 9.435 Thread 0x000000000228d000 nmethod 442 0x0000000002472310 code [0x0000000002472460, 0x0000000002472518]
Event: 9.435 Thread 0x000000000228d000  443   !         com.android.dx.rop.type.Type::intern (319 bytes)
Event: 9.466 Thread 0x000000000228d000 nmethod 443 0x000000000247c090 code [0x000000000247c2a0, 0x000000000247d2d0]
Event: 9.466 Thread 0x000000000228d000  444             com.android.dx.util.LabeledList::rebuildLabelToIndex (46 bytes)
Event: 9.474 Thread 0x000000000228d000 nmethod 444 0x0000000002471dd0 code [0x0000000002471f20, 0x0000000002472158]
Event: 9.474 Thread 0x000000000228d000  445             com.android.dx.rop.cst.CstInteger::getType (4 bytes)
Event: 9.475 Thread 0x000000000228d000 nmethod 445 0x0000000002471bd0 code [0x0000000002471d00, 0x0000000002471d58]
Event: 9.475 Thread 0x000000000228d000  446             com.android.dx.rop.code.LocalVariableExtractor::doit (49 bytes)
Event: 9.479 Thread 0x000000000228d000 nmethod 446 0x000000000247a2d0 code [0x000000000247a420, 0x000000000247a5c8]
Event: 9.479 Thread 0x000000000228d000  447             com.android.dx.dex.code.BlockAddresses::setupArrays (113 bytes)

GC Heap History (6 events):
Event: 6.671 GC heap before
{Heap before GC invocations=1 (full 0):
 PSYoungGen      total 38912K, used 33792K [0x00000000eaa80000, 0x00000000ed580000, 0x0000000100000000)
  eden space 33792K, 100% used [0x00000000eaa80000,0x00000000ecb80000,0x00000000ecb80000)
  from space 5120K, 0% used [0x00000000ed080000,0x00000000ed080000,0x00000000ed580000)
  to   space 5120K, 0% used [0x00000000ecb80000,0x00000000ecb80000,0x00000000ed080000)
 ParOldGen       total 87040K, used 0K [0x00000000c0000000, 0x00000000c5500000, 0x00000000eaa80000)
  object space 87040K, 0% used [0x00000000c0000000,0x00000000c0000000,0x00000000c5500000)
 PSPermGen       total 21504K, used 5823K [0x00000000bae00000, 0x00000000bc300000, 0x00000000c0000000)
  object space 21504K, 27% used [0x00000000bae00000,0x00000000bb3afdb0,0x00000000bc300000)
Event: 6.703 GC heap after
Heap after GC invocations=1 (full 0):
 PSYoungGen      total 38912K, used 5099K [0x00000000eaa80000, 0x00000000ed580000, 0x0000000100000000)
  eden space 33792K, 0% used [0x00000000eaa80000,0x00000000eaa80000,0x00000000ecb80000)
  from space 5120K, 99% used [0x00000000ecb80000,0x00000000ed07af70,0x00000000ed080000)
  to   space 5120K, 0% used [0x00000000ed080000,0x00000000ed080000,0x00000000ed580000)
 ParOldGen       total 87040K, used 1636K [0x00000000c0000000, 0x00000000c5500000, 0x00000000eaa80000)
  object space 87040K, 1% used [0x00000000c0000000,0x00000000c0199060,0x00000000c5500000)
 PSPermGen       total 21504K, used 5823K [0x00000000bae00000, 0x00000000bc300000, 0x00000000c0000000)
  object space 21504K, 27% used [0x00000000bae00000,0x00000000bb3afdb0,0x00000000bc300000)
}
Event: 7.541 GC heap before
{Heap before GC invocations=2 (full 0):
 PSYoungGen      total 38912K, used 38891K [0x00000000eaa80000, 0x00000000ed580000, 0x0000000100000000)
  eden space 33792K, 100% used [0x00000000eaa80000,0x00000000ecb80000,0x00000000ecb80000)
  from space 5120K, 99% used [0x00000000ecb80000,0x00000000ed07af70,0x00000000ed080000)
  to   space 5120K, 0% used [0x00000000ed080000,0x00000000ed080000,0x00000000ed580000)
 ParOldGen       total 87040K, used 1636K [0x00000000c0000000, 0x00000000c5500000, 0x00000000eaa80000)
  object space 87040K, 1% used [0x00000000c0000000,0x00000000c0199060,0x00000000c5500000)
 PSPermGen       total 21504K, used 5889K [0x00000000bae00000, 0x00000000bc300000, 0x00000000c0000000)
  object space 21504K, 27% used [0x00000000bae00000,0x00000000bb3c04b8,0x00000000bc300000)
Event: 7.573 GC heap after
Heap after GC invocations=2 (full 0):
 PSYoungGen      total 38912K, used 5114K [0x00000000eaa80000, 0x00000000ef680000, 0x0000000100000000)
  eden space 33792K, 0% used [0x00000000eaa80000,0x00000000eaa80000,0x00000000ecb80000)
  from space 5120K, 99% used [0x00000000ed080000,0x00000000ed57eaa8,0x00000000ed580000)
  to   space 5120K, 0% used [0x00000000ecb80000,0x00000000ecb80000,0x00000000ed080000)
 ParOldGen       total 87040K, used 6207K [0x00000000c0000000, 0x00000000c5500000, 0x00000000eaa80000)
  object space 87040K, 7% used [0x00000000c0000000,0x00000000c060ff18,0x00000000c5500000)
 PSPermGen       total 21504K, used 5889K [0x00000000bae00000, 0x00000000bc300000, 0x00000000c0000000)
  object space 21504K, 27% used [0x00000000bae00000,0x00000000bb3c04b8,0x00000000bc300000)
}
Event: 9.181 GC heap before
{Heap before GC invocations=3 (full 0):
 PSYoungGen      total 38912K, used 38906K [0x00000000eaa80000, 0x00000000ef680000, 0x0000000100000000)
  eden space 33792K, 100% used [0x00000000eaa80000,0x00000000ecb80000,0x00000000ecb80000)
  from space 5120K, 99% used [0x00000000ed080000,0x00000000ed57eaa8,0x00000000ed580000)
  to   space 5120K, 0% used [0x00000000ecb80000,0x00000000ecb80000,0x00000000ed080000)
 ParOldGen       total 87040K, used 6207K [0x00000000c0000000, 0x00000000c5500000, 0x00000000eaa80000)
  object space 87040K, 7% used [0x00000000c0000000,0x00000000c060ff18,0x00000000c5500000)
 PSPermGen       total 21504K, used 5943K [0x00000000bae00000, 0x00000000bc300000, 0x00000000c0000000)
  object space 21504K, 27% used [0x00000000bae00000,0x00000000bb3cde60,0x00000000bc300000)
Event: 9.265 GC heap after
Heap after GC invocations=3 (full 0):
 PSYoungGen      total 38912K, used 5112K [0x00000000eaa80000, 0x00000000ef680000, 0x0000000100000000)
  eden space 33792K, 0% used [0x00000000eaa80000,0x00000000eaa80000,0x00000000ecb80000)
  from space 5120K, 99% used [0x00000000ecb80000,0x00000000ed07e2d8,0x00000000ed080000)
  to   space 5120K, 0% used [0x00000000ef180000,0x00000000ef180000,0x00000000ef680000)
 ParOldGen       total 87040K, used 10927K [0x00000000c0000000, 0x00000000c5500000, 0x00000000eaa80000)
  object space 87040K, 12% used [0x00000000c0000000,0x00000000c0aabfa8,0x00000000c5500000)
 PSPermGen       total 21504K, used 5943K [0x00000000bae00000, 0x00000000bc300000, 0x00000000c0000000)
  object space 21504K, 27% used [0x00000000bae00000,0x00000000bb3cde60,0x00000000bc300000)
}

Deoptimization events (10 events):
Event: 6.440 Thread 0x000000000a78b000 Uncommon trap: reason=unreached action=reinterpret pc=0x0000000002328844 method=com.android.dx.rop.cst.Constant.compareTo(Lcom/android/dx/rop/cst/Constant;)I @ 12
Event: 6.480 Thread 0x000000000a78c800 Uncommon trap: reason=null_check action=make_not_entrant pc=0x00000000023357d0 method=com.android.dx.rop.type.Type.equals(Ljava/lang/Object;)Z @ 8
Event: 7.311 Thread 0x000000000a736000 Uncommon trap: reason=null_check action=make_not_entrant pc=0x00000000023af20c method=com.android.dx.cf.code.Ropper$CatchInfo.getSetup(Lcom/android/dx/rop/type/Type;)Lcom/android/dx/cf/code/Ropper$ExceptionHandlerSetup; @ 10
Event: 7.425 Thread 0x00000000021a0800 Uncommon trap: reason=null_check action=make_not_entrant pc=0x00000000023a26e0 method=com.android.dx.rop.type.Type.putIntern(Lcom/android/dx/rop/type/Type;)Lcom/android/dx/rop/type/Type; @ 18
Event: 8.053 Thread 0x000000000a736000 Uncommon trap: reason=unreached action=reinterpret pc=0x00000000023dadac method=com.android.dx.ssa.MoveParamCombiner$1.visitNonMoveInsn(Lcom/android/dx/ssa/NormalSsaInsn;)V @ 27
Event: 8.313 Thread 0x000000000a78b800 Uncommon trap: reason=unloaded action=reinterpret pc=0x00000000023e8fe8 method=com.android.dx.ssa.LiteralOpUpgrader$1.visitNonMoveInsn(Lcom/android/dx/ssa/NormalSsaInsn;)V @ 72
Event: 9.318 Thread 0x000000000a78c800 Uncommon trap: reason=class_check action=maybe_recompile pc=0x0000000002466cc4 method=com.android.dx.cf.code.Ropper.processBlock(Lcom/android/dx/cf/code/ByteBlock;Lcom/android/dx/cf/code/Frame;[I)V @ 711
Event: 9.321 Thread 0x000000000a78c800 Uncommon trap: reason=class_check action=maybe_recompile pc=0x0000000002466cc4 method=com.android.dx.cf.code.Ropper.processBlock(Lcom/android/dx/cf/code/ByteBlock;Lcom/android/dx/cf/code/Frame;[I)V @ 711
Event: 9.440 Thread 0x000000000a78c800 Uncommon trap: reason=class_check action=maybe_recompile pc=0x0000000002466cc4 method=com.android.dx.cf.code.Ropper.processBlock(Lcom/android/dx/cf/code/ByteBlock;Lcom/android/dx/cf/code/Frame;[I)V @ 711
Event: 9.440 Thread 0x000000000a78c800 Uncommon trap: reason=class_check action=maybe_recompile pc=0x0000000002466cc4 method=com.android.dx.cf.code.Ropper.processBlock(Lcom/android/dx/cf/code/ByteBlock;Lcom/android/dx/cf/code/Frame;[I)V @ 711

Internal exceptions (10 events):
Event: 6.480 Thread 0x000000000a78c800 Implicit null exception at 0x00000000023356d2 to 0x00000000023357c2
Event: 7.311 Thread 0x000000000a736000 Implicit null exception at 0x00000000023ad1e4 to 0x00000000023af201
Event: 7.425 Thread 0x00000000021a0800 Implicit null exception at 0x00000000023a1ff3 to 0x00000000023a26d1
Event: 8.049 Thread 0x00000000021a0800 Threw 0x00000000eb278820 at C:\re\jdk7u79\2331\hotspot\src\share\vm\prims\jvm.cpp:1304
Event: 8.049 Thread 0x00000000021a0800 Threw 0x00000000eb27ae48 at C:\re\jdk7u79\2331\hotspot\src\share\vm\prims\jvm.cpp:1304
Event: 8.212 Thread 0x000000000a736000 Threw 0x00000000eb3d1db8 at C:\re\jdk7u79\2331\hotspot\src\share\vm\prims\jvm.cpp:1304
Event: 8.213 Thread 0x000000000a736000 Threw 0x00000000eb3d75e0 at C:\re\jdk7u79\2331\hotspot\src\share\vm\prims\jvm.cpp:1304
Event: 8.214 Thread 0x000000000a736000 Threw 0x00000000eb3dcb90 at C:\re\jdk7u79\2331\hotspot\src\share\vm\prims\jvm.cpp:1304
Event: 8.313 Thread 0x000000000a78b800 Threw 0x00000000ebe67d28 at C:\re\jdk7u79\2331\hotspot\src\share\vm\prims\jvm.cpp:1304
Event: 8.634 Thread 0x00000000021a0800 Threw 0x00000000ec511b58 at C:\re\jdk7u79\2331\hotspot\src\share\vm\prims\jvm.cpp:1304

Events (10 events):
Event: 9.318 Thread 0x000000000a78c800 DEOPT UNPACKING pc=0x00000000022d75a4 sp=0x000000000b46eb30 mode 2
Event: 9.321 Thread 0x000000000a78c800 Uncommon trap: trap_request=0xffffffde fr.pc=0x0000000002466cc4
Event: 9.321 Thread 0x000000000a78c800 DEOPT PACKING pc=0x0000000002466cc4 sp=0x000000000b46eb60
Event: 9.321 Thread 0x000000000a78c800 DEOPT UNPACKING pc=0x00000000022d75a4 sp=0x000000000b46eb30 mode 2
Event: 9.440 Thread 0x000000000a78c800 Uncommon trap: trap_request=0xffffffde fr.pc=0x0000000002466cc4
Event: 9.440 Thread 0x000000000a78c800 DEOPT PACKING pc=0x0000000002466cc4 sp=0x000000000b46eb60
Event: 9.440 Thread 0x000000000a78c800 DEOPT UNPACKING pc=0x00000000022d75a4 sp=0x000000000b46eb30 mode 2
Event: 9.440 Thread 0x000000000a78c800 Uncommon trap: trap_request=0xffffffde fr.pc=0x0000000002466cc4
Event: 9.440 Thread 0x000000000a78c800 DEOPT PACKING pc=0x0000000002466cc4 sp=0x000000000b46eb60
Event: 9.440 Thread 0x000000000a78c800 DEOPT UNPACKING pc=0x00000000022d75a4 sp=0x000000000b46eb30 mode 2


Dynamic libraries:
0x00007ff652720000 - 0x00007ff652753000 	C:\Program Files\Java\jdk1.7.0_79\bin\java.exe
0x00007ffffe730000 - 0x00007ffffe8f1000 	C:\Windows\SYSTEM32\ntdll.dll
0x00007ffffdc80000 - 0x00007ffffdd2d000 	C:\Windows\system32\KERNEL32.DLL
0x00007ffffb010000 - 0x00007ffffb1f8000 	C:\Windows\system32\KERNELBASE.dll
0x00007ffffe280000 - 0x00007ffffe327000 	C:\Windows\system32\ADVAPI32.dll
0x00007ffffdbe0000 - 0x00007ffffdc7d000 	C:\Windows\system32\msvcrt.dll
0x00007ffffd520000 - 0x00007ffffd57b000 	C:\Windows\system32\sechost.dll
0x00007ffffe010000 - 0x00007ffffe12c000 	C:\Windows\system32\RPCRT4.dll
0x00007ffffd3c0000 - 0x00007ffffd516000 	C:\Windows\system32\USER32.dll
0x00007ffffe370000 - 0x00007ffffe4f6000 	C:\Windows\system32\GDI32.dll
0x00007ffff3db0000 - 0x00007ffff4024000 	C:\Windows\WinSxS\amd64_microsoft.windows.common-controls_6595b64144ccf1df_6.0.10586.0_none_8c15ae12515e1c22\COMCTL32.dll
0x00007ffffd090000 - 0x00007ffffd30d000 	C:\Windows\system32\combase.dll
0x00007ffffb200000 - 0x00007ffffb26a000 	C:\Windows\system32\bcryptPrimitives.dll
0x00007ffffe330000 - 0x00007ffffe36b000 	C:\Windows\system32\IMM32.DLL
0x000000005a570000 - 0x000000005a642000 	C:\Program Files\Java\jdk1.7.0_79\jre\bin\msvcr100.dll
0x000000005aac0000 - 0x000000005b295000 	C:\Program Files\Java\jdk1.7.0_79\jre\bin\server\jvm.dll
0x00007ffffdd30000 - 0x00007ffffdd38000 	C:\Windows\system32\PSAPI.DLL
0x00007ffff38f0000 - 0x00007ffff38f9000 	C:\Windows\SYSTEM32\WSOCK32.dll
0x00007ffffe6c0000 - 0x00007ffffe72b000 	C:\Windows\system32\WS2_32.dll
0x00007ffff8120000 - 0x00007ffff8143000 	C:\Windows\SYSTEM32\WINMM.dll
0x00007ffff80b0000 - 0x00007ffff80dc000 	C:\Windows\SYSTEM32\WINMMBASE.dll
0x00007ffffb270000 - 0x00007ffffb2b3000 	C:\Windows\system32\cfgmgr32.dll
0x000000005b2d0000 - 0x000000005b2df000 	C:\Program Files\Java\jdk1.7.0_79\jre\bin\verify.dll
0x000000005a9b0000 - 0x000000005a9d8000 	C:\Program Files\Java\jdk1.7.0_79\jre\bin\java.dll
0x000000005a990000 - 0x000000005a9a5000 	C:\Program Files\Java\jdk1.7.0_79\jre\bin\zip.dll
0x000000005a970000 - 0x000000005a98a000 	C:\Program Files\Java\jdk1.7.0_79\jre\bin\net.dll
0x00007ffffa680000 - 0x00007ffffa6dc000 	C:\Windows\system32\mswsock.dll
0x000000005a950000 - 0x000000005a961000 	C:\Program Files\Java\jdk1.7.0_79\jre\bin\nio.dll

VM Arguments:
jvm_args: -Djava.awt.headless=true -Xmx1024M -Dfile.encoding=windows-1252 -Duser.country=US -Duser.language=en -Duser.variant 
java_command: com.android.dx.command.Main --dex --num-threads=4 --output C:\Users\Kron\AndroidStudioProjects\GoogleMapApp\app\build\intermediates\pre-dexed\debug\com.google.android.gms-play-services-cast-8.4.0_6d52d1d377aade50bdf7becc467d30a0815cdd8c.jar C:\Users\Kron\AndroidStudioProjects\GoogleMapApp\app\build\intermediates\exploded-aar\com.google.android.gms\play-services-cast\8.4.0\jars\classes.jar
Launcher Type: SUN_STANDARD

Environment Variables:
PATH=C:\Windows\system32;C:\Windows;C:\Windows\System32\Wbem;C:\Windows\System32\WindowsPowerShell\v1.0\;C:\Program Files (x86)\Skype\Phone\;C:\Program Files (x86)\Calibre2\;C:\Users\Kron\.dnx\bin;C:\Program Files\Microsoft DNX\Dnvm\;C:\Program Files (x86)\Windows Kits\10\Windows Performance Toolkit\;C:\Program Files (x86)\nodejs\;C:\Program Files\Git\cmd;C:\Program Files (x86)\NVIDIA Corporation\PhysX\Common;C:\Program Files (x86)\GtkSharp\2.12\bin;C:\Users\Kron\.dnx\bin;C:\Users\Kron\AppData\Roaming\npm
USERNAME=Kron
OS=Windows_NT
PROCESSOR_IDENTIFIER=Intel64 Family 6 Model 42 Stepping 7, GenuineIntel



---------------  S Y S T E M  ---------------

OS: Windows 8.1 , 64 bit Build 9600 

CPU:total 8 (4 cores per cpu, 2 threads per core) family 6 model 42 stepping 7, cmov, cx8, fxsr, mmx, sse, sse2, sse3, ssse3, sse4.1, sse4.2, popcnt, avx, aes, ht, tsc, tscinvbit

Memory: 4k page, physical 8365548k(1703900k free), swap 10328556k(6212k free)

vm_info: Java HotSpot(TM) 64-Bit Server VM (24.79-b02) for windows-amd64 JRE (1.7.0_79-b15), built on Apr 10 2015 12:36:16 by "java_re" with unknown MS VC++:1600

time: Fri Apr 08 10:15:15 2016
elapsed time: 9 seconds

