#
# There is insufficient memory for the Java Runtime Environment to continue.
# Native memory allocation (malloc) failed to allocate 427088 bytes for Chunk::new
# Possible reasons:
#   The system is out of physical RAM or swap space
#   In 32 bit mode, the process size limit was hit
# Possible solutions:
#   Reduce memory load on the system
#   Increase physical memory or swap space
#   Check if swap backing store is full
#   Use 64 bit Java on a 64 bit OS
#   Decrease Java heap size (-Xmx/-Xms)
#   Decrease number of Java threads
#   Decrease Java thread stack sizes (-Xss)
#   Set larger code cache with -XX:ReservedCodeCacheSize=
# This output file may be truncated or incomplete.
#
#  Out of Memory Error (allocation.cpp:323), pid=6224, tid=8880
#
# JRE version: Java(TM) SE Runtime Environment (7.0_79-b15) (build 1.7.0_79-b15)
# Java VM: Java HotSpot(TM) 64-Bit Server VM (24.79-b02 mixed mode windows-amd64 compressed oops)
# Failed to write core dump. Minidumps are not enabled by default on client versions of Windows
#

---------------  T H R E A D  ---------------

Current thread (0x000000000237d000):  JavaThread "C2 CompilerThread0" daemon [_thread_in_native, id=8880, stack(0x000000000ac60000,0x000000000ad60000)]

Stack: [0x000000000ac60000,0x000000000ad60000]

Current CompileTask:
C2:   3015  153             com.android.dx.ssa.SsaConverter::placePhiFunctions (394 bytes)


---------------  P R O C E S S  ---------------

Java Threads: ( => current thread )
  0x000000000a892800 JavaThread "pool-1-thread-4" [_thread_in_Java, id=2248, stack(0x000000000b460000,0x000000000b560000)]
  0x000000000a88f800 JavaThread "pool-1-thread-3" [_thread_in_Java, id=8932, stack(0x000000000b360000,0x000000000b460000)]
  0x000000000a8cb800 JavaThread "pool-1-thread-2" [_thread_in_Java, id=7948, stack(0x000000000b260000,0x000000000b360000)]
  0x000000000a8cb000 JavaThread "pool-2-thread-1" [_thread_blocked, id=1908, stack(0x000000000b160000,0x000000000b260000)]
  0x000000000a8ca000 JavaThread "pool-1-thread-1" [_thread_in_Java, id=540, stack(0x000000000b060000,0x000000000b160000)]
  0x000000000237f800 JavaThread "Service Thread" daemon [_thread_blocked, id=6164, stack(0x000000000ae60000,0x000000000af60000)]
  0x000000000237e800 JavaThread "C2 CompilerThread1" daemon [_thread_in_native, id=3608, stack(0x000000000ad60000,0x000000000ae60000)]
=>0x000000000237d000 JavaThread "C2 CompilerThread0" daemon [_thread_in_native, id=8880, stack(0x000000000ac60000,0x000000000ad60000)]
  0x000000000a681000 JavaThread "Attach Listener" daemon [_thread_blocked, id=1580, stack(0x000000000ab60000,0x000000000ac60000)]
  0x000000000a680800 JavaThread "Signal Dispatcher" daemon [_thread_blocked, id=6692, stack(0x000000000aa60000,0x000000000ab60000)]
  0x000000000868b000 JavaThread "Finalizer" daemon [_thread_blocked, id=6616, stack(0x000000000a560000,0x000000000a660000)]
  0x000000000868a000 JavaThread "Reference Handler" daemon [_thread_blocked, id=2108, stack(0x000000000a460000,0x000000000a560000)]
  0x0000000002290800 JavaThread "main" [_thread_in_Java, id=10448, stack(0x0000000002000000,0x0000000002100000)]

Other Threads:
  0x0000000008685000 VMThread [stack: 0x000000000a360000,0x000000000a460000] [id=5732]
  0x0000000002386000 WatcherThread [stack: 0x000000000af60000,0x000000000b060000] [id=1928]

VM state:not at safepoint (normal execution)

VM Mutex/Monitor currently owned by a thread: None

Heap
 PSYoungGen      total 38912K, used 30098K [0x00000000eaa80000, 0x00000000ed580000, 0x0000000100000000)
  eden space 33792K, 89% used [0x00000000eaa80000,0x00000000ec7e4b48,0x00000000ecb80000)
  from space 5120K, 0% used [0x00000000ed080000,0x00000000ed080000,0x00000000ed580000)
  to   space 5120K, 0% used [0x00000000ecb80000,0x00000000ecb80000,0x00000000ed080000)
 ParOldGen       total 87040K, used 0K [0x00000000c0000000, 0x00000000c5500000, 0x00000000eaa80000)
  object space 87040K, 0% used [0x00000000c0000000,0x00000000c0000000,0x00000000c5500000)
 PSPermGen       total 21504K, used 5726K [0x00000000bae00000, 0x00000000bc300000, 0x00000000c0000000)
  object space 21504K, 26% used [0x00000000bae00000,0x00000000bb397b40,0x00000000bc300000)

Card table byte_map: [0x0000000005450000,0x0000000005680000] byte_map_base: 0x0000000004e79000

Polling page: 0x0000000000790000

Code Cache  [0x0000000002390000, 0x0000000002600000, 0x0000000005390000)
 total_blobs=395 nmethods=158 adapters=189 free_code_cache=48505Kb largest_free_block=49644544

Compilation events (10 events):
Event: 2.996 Thread 0x000000000237e800 nmethod 156 0x0000000002431490 code [0x00000000024315c0, 0x0000000002431618]
Event: 2.996 Thread 0x000000000237e800  157             com.android.dx.rop.code.BasicBlockList::labelToBlock (46 bytes)
Event: 2.999 Thread 0x000000000237e800 nmethod 157 0x0000000002430810 code [0x0000000002430960, 0x0000000002430a98]
Event: 2.999 Thread 0x000000000237e800  158             com.android.dx.ssa.NormalSsaInsn::isNormalMoveInsn (20 bytes)
Event: 3.000 Thread 0x000000000237e800 nmethod 158 0x000000000242ea50 code [0x000000000242eb80, 0x000000000242ebf8]
Event: 3.000 Thread 0x000000000237e800  159             com.android.dx.rop.code.BasicBlock::getPrimarySuccessor (5 bytes)
Event: 3.001 Thread 0x000000000237e800 nmethod 159 0x000000000242e850 code [0x000000000242e980, 0x000000000242e9d8]
Event: 3.001 Thread 0x000000000237e800  160             com.android.dx.ssa.SsaInsn::getBlock (5 bytes)
Event: 3.001 Thread 0x000000000237e800 nmethod 160 0x0000000002430610 code [0x0000000002430740, 0x0000000002430798]
Event: 3.001 Thread 0x000000000237e800  161             com.android.dx.ssa.SsaMethod::forEachBlockDepthFirst (194 bytes)

GC Heap History (0 events):
No events

Deoptimization events (1 events):
Event: 2.805 Thread 0x000000000a8ca000 Uncommon trap: reason=null_check action=make_not_entrant pc=0x0000000002416060 method=com.android.dx.rop.code.LocalItem.equals(Ljava/lang/Object;)Z @ 1

Internal exceptions (10 events):
Event: 1.777 Thread 0x000000000a8cb800 Threw 0x00000000eb6b4d90 at C:\re\jdk7u79\2331\hotspot\src\share\vm\prims\jvm.cpp:1304
Event: 1.779 Thread 0x000000000a8cb800 Threw 0x00000000eb6b9230 at C:\re\jdk7u79\2331\hotspot\src\share\vm\prims\jvm.cpp:1304
Event: 1.781 Thread 0x000000000a8cb800 Threw 0x00000000eb6bec98 at C:\re\jdk7u79\2331\hotspot\src\share\vm\prims\jvm.cpp:1304
Event: 1.804 Thread 0x000000000a8ca000 Threw 0x00000000ebade2f0 at C:\re\jdk7u79\2331\hotspot\src\share\vm\prims\jvm.cpp:1304
Event: 1.857 Thread 0x000000000a8ca000 Threw 0x00000000ebaec548 at C:\re\jdk7u79\2331\hotspot\src\share\vm\prims\jvm.cpp:1304
Event: 2.501 Thread 0x0000000002290800 Threw 0x00000000ebfae1d8 at C:\re\jdk7u79\2331\hotspot\src\share\vm\prims\jvm.cpp:1304
Event: 2.655 Thread 0x000000000a892800 Threw 0x00000000ebd06d50 at C:\re\jdk7u79\2331\hotspot\src\share\vm\prims\jvm.cpp:1304
Event: 2.805 Thread 0x000000000a8ca000 Implicit null exception at 0x0000000002415e17 to 0x0000000002416045
Event: 2.886 Thread 0x0000000002290800 Threw 0x00000000ec0799e0 at C:\re\jdk7u79\2331\hotspot\src\share\vm\prims\jvm.cpp:1304
Event: 2.926 Thread 0x0000000002290800 Threw 0x00000000ec4caed0 at C:\re\jdk7u79\2331\hotspot\src\share\vm\prims\jvm.cpp:1304

Events (10 events):
Event: 2.509 loading class 0x000000000230fbf0 done
Event: 2.655 loading class 0x000000000a790440
Event: 2.655 loading class 0x000000000a790440 done
Event: 2.805 Thread 0x000000000a8ca000 Uncommon trap: trap_request=0xfffffff4 fr.pc=0x0000000002416060
Event: 2.805 Thread 0x000000000a8ca000 DEOPT PACKING pc=0x0000000002416060 sp=0x000000000b15e7d0
Event: 2.805 Thread 0x000000000a8ca000 DEOPT UNPACKING pc=0x00000000023c75a4 sp=0x000000000b15e710 mode 2
Event: 2.886 loading class 0x000000000a6bc630
Event: 2.886 loading class 0x000000000a6bc630 done
Event: 2.925 loading class 0x000000000a719e00
Event: 2.925 loading class 0x000000000a719e00 done


Dynamic libraries:
0x00007ff652720000 - 0x00007ff652753000 	C:\Program Files\Java\jdk1.7.0_79\bin\java.exe
0x00007ffffe730000 - 0x00007ffffe8f1000 	C:\Windows\SYSTEM32\ntdll.dll
0x00007ffffdc80000 - 0x00007ffffdd2d000 	C:\Windows\system32\KERNEL32.DLL
0x00007ffffb010000 - 0x00007ffffb1f8000 	C:\Windows\system32\KERNELBASE.dll
0x00007ffffe280000 - 0x00007ffffe327000 	C:\Windows\system32\ADVAPI32.dll
0x00007ffffdbe0000 - 0x00007ffffdc7d000 	C:\Windows\system32\msvcrt.dll
0x00007ffffd520000 - 0x00007ffffd57b000 	C:\Windows\system32\sechost.dll
0x00007ffffe010000 - 0x00007ffffe12c000 	C:\Windows\system32\RPCRT4.dll
0x00007ffffd3c0000 - 0x00007ffffd516000 	C:\Windows\system32\USER32.dll
0x00007ffffe370000 - 0x00007ffffe4f6000 	C:\Windows\system32\GDI32.dll
0x00007ffff3db0000 - 0x00007ffff4024000 	C:\Windows\WinSxS\amd64_microsoft.windows.common-controls_6595b64144ccf1df_6.0.10586.0_none_8c15ae12515e1c22\COMCTL32.dll
0x00007ffffd090000 - 0x00007ffffd30d000 	C:\Windows\system32\combase.dll
0x00007ffffb200000 - 0x00007ffffb26a000 	C:\Windows\system32\bcryptPrimitives.dll
0x00007ffffe330000 - 0x00007ffffe36b000 	C:\Windows\system32\IMM32.DLL
0x000000005a570000 - 0x000000005a642000 	C:\Program Files\Java\jdk1.7.0_79\jre\bin\msvcr100.dll
0x000000005aac0000 - 0x000000005b295000 	C:\Program Files\Java\jdk1.7.0_79\jre\bin\server\jvm.dll
0x00007ffffdd30000 - 0x00007ffffdd38000 	C:\Windows\system32\PSAPI.DLL
0x00007ffff38f0000 - 0x00007ffff38f9000 	C:\Windows\SYSTEM32\WSOCK32.dll
0x00007ffffe6c0000 - 0x00007ffffe72b000 	C:\Windows\system32\WS2_32.dll
0x00007ffff8120000 - 0x00007ffff8143000 	C:\Windows\SYSTEM32\WINMM.dll
0x00007ffff80b0000 - 0x00007ffff80dc000 	C:\Windows\SYSTEM32\WINMMBASE.dll
0x00007ffffb270000 - 0x00007ffffb2b3000 	C:\Windows\system32\cfgmgr32.dll
0x000000005b2d0000 - 0x000000005b2df000 	C:\Program Files\Java\jdk1.7.0_79\jre\bin\verify.dll
0x000000005a9b0000 - 0x000000005a9d8000 	C:\Program Files\Java\jdk1.7.0_79\jre\bin\java.dll
0x000000005a990000 - 0x000000005a9a5000 	C:\Program Files\Java\jdk1.7.0_79\jre\bin\zip.dll
0x000000005a970000 - 0x000000005a98a000 	C:\Program Files\Java\jdk1.7.0_79\jre\bin\net.dll
0x00007ffffa680000 - 0x00007ffffa6dc000 	C:\Windows\system32\mswsock.dll
0x000000005a950000 - 0x000000005a961000 	C:\Program Files\Java\jdk1.7.0_79\jre\bin\nio.dll

VM Arguments:
jvm_args: -Djava.awt.headless=true -Xmx1024M -Dfile.encoding=windows-1252 -Duser.country=US -Duser.language=en -Duser.variant 
java_command: com.android.dx.command.Main --dex --num-threads=4 --output C:\Users\Kron\AndroidStudioProjects\GoogleMapApp\app\build\intermediates\pre-dexed\debug\com.google.android.gms-play-services-drive-8.4.0_92b3f0e45a410e5c464e021005f54cc5daa6a5b0.jar C:\Users\Kron\AndroidStudioProjects\GoogleMapApp\app\build\intermediates\exploded-aar\com.google.android.gms\play-services-drive\8.4.0\jars\classes.jar
Launcher Type: SUN_STANDARD

Environment Variables:
PATH=C:\Windows\system32;C:\Windows;C:\Windows\System32\Wbem;C:\Windows\System32\WindowsPowerShell\v1.0\;C:\Program Files (x86)\Skype\Phone\;C:\Program Files (x86)\Calibre2\;C:\Users\Kron\.dnx\bin;C:\Program Files\Microsoft DNX\Dnvm\;C:\Program Files (x86)\Windows Kits\10\Windows Performance Toolkit\;C:\Program Files (x86)\nodejs\;C:\Program Files\Git\cmd;C:\Program Files (x86)\NVIDIA Corporation\PhysX\Common;C:\Program Files (x86)\GtkSharp\2.12\bin;C:\Users\Kron\.dnx\bin;C:\Users\Kron\AppData\Roaming\npm
USERNAME=Kron
OS=Windows_NT
PROCESSOR_IDENTIFIER=Intel64 Family 6 Model 42 Stepping 7, GenuineIntel



---------------  S Y S T E M  ---------------

OS: Windows 8.1 , 64 bit Build 9600 

CPU:total 8 (4 cores per cpu, 2 threads per core) family 6 model 42 stepping 7, cmov, cx8, fxsr, mmx, sse, sse2, sse3, ssse3, sse4.1, sse4.2, popcnt, avx, aes, ht, tsc, tscinvbit

Memory: 4k page, physical 8365548k(2009108k free), swap 10328556k(5536k free)

vm_info: Java HotSpot(TM) 64-Bit Server VM (24.79-b02) for windows-amd64 JRE (1.7.0_79-b15), built on Apr 10 2015 12:36:16 by "java_re" with unknown MS VC++:1600

time: Fri Apr 08 10:15:00 2016
elapsed time: 3 seconds

