#
# There is insufficient memory for the Java Runtime Environment to continue.
# Native memory allocation (malloc) failed to allocate 284816 bytes for Chunk::new
# Possible reasons:
#   The system is out of physical RAM or swap space
#   In 32 bit mode, the process size limit was hit
# Possible solutions:
#   Reduce memory load on the system
#   Increase physical memory or swap space
#   Check if swap backing store is full
#   Use 64 bit Java on a 64 bit OS
#   Decrease Java heap size (-Xmx/-Xms)
#   Decrease number of Java threads
#   Decrease Java thread stack sizes (-Xss)
#   Set larger code cache with -XX:ReservedCodeCacheSize=
# This output file may be truncated or incomplete.
#
#  Out of Memory Error (allocation.cpp:323), pid=10640, tid=5612
#
# JRE version: Java(TM) SE Runtime Environment (7.0_79-b15) (build 1.7.0_79-b15)
# Java VM: Java HotSpot(TM) 64-Bit Server VM (24.79-b02 mixed mode windows-amd64 compressed oops)
# Failed to write core dump. Minidumps are not enabled by default on client versions of Windows
#

---------------  T H R E A D  ---------------

Current thread (0x000000000857e000):  JavaThread "C2 CompilerThread0" daemon [_thread_in_native, id=5612, stack(0x000000000ab30000,0x000000000ac30000)]

Stack: [0x000000000ab30000,0x000000000ac30000]

Current CompileTask:
C2:  10685  573             com.android.dx.dex.code.StdCatchBuilder::build (262 bytes)


---------------  P R O C E S S  ---------------

Java Threads: ( => current thread )
  0x0000000002241000 JavaThread "Service Thread" daemon [_thread_blocked, id=10108, stack(0x000000000ad30000,0x000000000ae30000)]
  0x000000000223e000 JavaThread "C2 CompilerThread1" daemon [_thread_blocked, id=4304, stack(0x000000000ac30000,0x000000000ad30000)]
=>0x000000000857e000 JavaThread "C2 CompilerThread0" daemon [_thread_in_native, id=5612, stack(0x000000000ab30000,0x000000000ac30000)]
  0x000000000a551800 JavaThread "Attach Listener" daemon [_thread_blocked, id=9936, stack(0x000000000aa30000,0x000000000ab30000)]
  0x000000000a550800 JavaThread "Signal Dispatcher" daemon [_thread_blocked, id=7148, stack(0x000000000a930000,0x000000000aa30000)]
  0x000000000856b000 JavaThread "Finalizer" daemon [_thread_blocked, id=4836, stack(0x000000000a430000,0x000000000a530000)]
  0x000000000856a000 JavaThread "Reference Handler" daemon [_thread_blocked, id=2496, stack(0x000000000a330000,0x000000000a430000)]
  0x0000000002150800 JavaThread "main" [_thread_in_Java, id=840, stack(0x0000000001ed0000,0x0000000001fd0000)]

Other Threads:
  0x0000000008565000 VMThread [stack: 0x000000000a230000,0x000000000a330000] [id=4104]
  0x0000000002245000 WatcherThread [stack: 0x000000000ae30000,0x000000000af30000] [id=6644]

VM state:not at safepoint (normal execution)

VM Mutex/Monitor currently owned by a thread: None

Heap
 PSYoungGen      total 72704K, used 68134K [0x00000000eaa80000, 0x00000000ef680000, 0x0000000100000000)
  eden space 67584K, 93% used [0x00000000eaa80000,0x00000000ee80fcc0,0x00000000eec80000)
  from space 5120K, 99% used [0x00000000ef180000,0x00000000ef679c78,0x00000000ef680000)
  to   space 5120K, 0% used [0x00000000eec80000,0x00000000eec80000,0x00000000ef180000)
 ParOldGen       total 87040K, used 5830K [0x00000000c0000000, 0x00000000c5500000, 0x00000000eaa80000)
  object space 87040K, 6% used [0x00000000c0000000,0x00000000c05b1a30,0x00000000c5500000)
 PSPermGen       total 21504K, used 6135K [0x00000000bae00000, 0x00000000bc300000, 0x00000000c0000000)
  object space 21504K, 28% used [0x00000000bae00000,0x00000000bb3fdfa0,0x00000000bc300000)

Card table byte_map: [0x0000000005310000,0x0000000005540000] byte_map_base: 0x0000000004d39000

Polling page: 0x0000000001fd0000

Code Cache  [0x0000000002250000, 0x00000000024c0000, 0x0000000005250000)
 total_blobs=806 nmethods=569 adapters=189 free_code_cache=47072Kb largest_free_block=48169472

Compilation events (10 events):
Event: 10.418 Thread 0x000000000223e000 nmethod 569 0x000000000245b390 code [0x000000000245b520, 0x000000000245b8b0]
Event: 10.625 Thread 0x000000000857e000  570             com.android.dx.rop.code.Insn::canThrow (8 bytes)
Event: 10.626 Thread 0x000000000857e000 nmethod 570 0x000000000245ca50 code [0x000000000245cba0, 0x000000000245cc58]
Event: 10.632 Thread 0x000000000223e000  571             com.android.dx.rop.code.RegisterSpec::matchesVariable (68 bytes)
Event: 10.634 Thread 0x000000000857e000  572             com.android.dx.dex.code.CstInsn::<init> (39 bytes)
Event: 10.636 Thread 0x000000000857e000 nmethod 572 0x0000000002452410 code [0x0000000002452560, 0x0000000002452698]
Event: 10.636 Thread 0x000000000857e000  573             com.android.dx.dex.code.StdCatchBuilder::build (262 bytes)
Event: 10.637 Thread 0x000000000223e000 nmethod 571 0x000000000245d990 code [0x000000000245dae0, 0x000000000245df38]
Event: 10.637 Thread 0x000000000223e000  574             com.android.dx.rop.code.BasicBlock::canThrow (11 bytes)
Event: 10.639 Thread 0x000000000223e000 nmethod 574 0x000000000245d450 code [0x000000000245d5a0, 0x000000000245d6d8]

GC Heap History (4 events):
Event: 5.799 GC heap before
{Heap before GC invocations=1 (full 0):
 PSYoungGen      total 38912K, used 33792K [0x00000000eaa80000, 0x00000000ed580000, 0x0000000100000000)
  eden space 33792K, 100% used [0x00000000eaa80000,0x00000000ecb80000,0x00000000ecb80000)
  from space 5120K, 0% used [0x00000000ed080000,0x00000000ed080000,0x00000000ed580000)
  to   space 5120K, 0% used [0x00000000ecb80000,0x00000000ecb80000,0x00000000ed080000)
 ParOldGen       total 87040K, used 0K [0x00000000c0000000, 0x00000000c5500000, 0x00000000eaa80000)
  object space 87040K, 0% used [0x00000000c0000000,0x00000000c0000000,0x00000000c5500000)
 PSPermGen       total 21504K, used 5850K [0x00000000bae00000, 0x00000000bc300000, 0x00000000c0000000)
  object space 21504K, 27% used [0x00000000bae00000,0x00000000bb3b6908,0x00000000bc300000)
Event: 6.014 GC heap after
Heap after GC invocations=1 (full 0):
 PSYoungGen      total 38912K, used 5113K [0x00000000eaa80000, 0x00000000ef680000, 0x0000000100000000)
  eden space 33792K, 0% used [0x00000000eaa80000,0x00000000eaa80000,0x00000000ecb80000)
  from space 5120K, 99% used [0x00000000ecb80000,0x00000000ed07e448,0x00000000ed080000)
  to   space 5120K, 0% used [0x00000000ef180000,0x00000000ef180000,0x00000000ef680000)
 ParOldGen       total 87040K, used 1278K [0x00000000c0000000, 0x00000000c5500000, 0x00000000eaa80000)
  object space 87040K, 1% used [0x00000000c0000000,0x00000000c013fa78,0x00000000c5500000)
 PSPermGen       total 21504K, used 5850K [0x00000000bae00000, 0x00000000bc300000, 0x00000000c0000000)
  object space 21504K, 27% used [0x00000000bae00000,0x00000000bb3b6908,0x00000000bc300000)
}
Event: 7.343 GC heap before
{Heap before GC invocations=2 (full 0):
 PSYoungGen      total 38912K, used 38905K [0x00000000eaa80000, 0x00000000ef680000, 0x0000000100000000)
  eden space 33792K, 100% used [0x00000000eaa80000,0x00000000ecb80000,0x00000000ecb80000)
  from space 5120K, 99% used [0x00000000ecb80000,0x00000000ed07e448,0x00000000ed080000)
  to   space 5120K, 0% used [0x00000000ef180000,0x00000000ef180000,0x00000000ef680000)
 ParOldGen       total 87040K, used 1278K [0x00000000c0000000, 0x00000000c5500000, 0x00000000eaa80000)
  object space 87040K, 1% used [0x00000000c0000000,0x00000000c013fa78,0x00000000c5500000)
 PSPermGen       total 21504K, used 5921K [0x00000000bae00000, 0x00000000bc300000, 0x00000000c0000000)
  object space 21504K, 27% used [0x00000000bae00000,0x00000000bb3c8560,0x00000000bc300000)
Event: 7.491 GC heap after
Heap after GC invocations=2 (full 0):
 PSYoungGen      total 72704K, used 5095K [0x00000000eaa80000, 0x00000000ef680000, 0x0000000100000000)
  eden space 67584K, 0% used [0x00000000eaa80000,0x00000000eaa80000,0x00000000eec80000)
  from space 5120K, 99% used [0x00000000ef180000,0x00000000ef679c78,0x00000000ef680000)
  to   space 5120K, 0% used [0x00000000eec80000,0x00000000eec80000,0x00000000ef180000)
 ParOldGen       total 87040K, used 5830K [0x00000000c0000000, 0x00000000c5500000, 0x00000000eaa80000)
  object space 87040K, 6% used [0x00000000c0000000,0x00000000c05b1a30,0x00000000c5500000)
 PSPermGen       total 21504K, used 5921K [0x00000000bae00000, 0x00000000bc300000, 0x00000000c0000000)
  object space 21504K, 27% used [0x00000000bae00000,0x00000000bb3c8560,0x00000000bc300000)
}

Deoptimization events (10 events):
Event: 8.720 Thread 0x000000000a6fb800 Uncommon trap: reason=null_check action=make_not_entrant pc=0x000000000241abf8 method=com.android.dx.dex.file.MethodIdsSection.intern(Lcom/android/dx/rop/cst/CstBaseMethodRef;)Lcom/android/dx/dex/file/MethodIdItem; @ 26
Event: 8.742 Thread 0x000000000a700000 Uncommon trap: reason=bimorphic action=maybe_recompile pc=0x00000000023a12ac method=com.android.dx.ssa.LiteralOpUpgrader.tryReplacingWithConstant(Lcom/android/dx/ssa/NormalSsaInsn;)Z @ 62
Event: 8.742 Thread 0x000000000a700000 Uncommon trap: reason=class_check action=maybe_recompile pc=0x00000000023f09a8 method=com.android.dx.ssa.ConstCollector.getConstsSortedByCountUse()Ljava/util/ArrayList; @ 168
Event: 8.743 Thread 0x000000000a700000 Uncommon trap: reason=unreached action=reinterpret pc=0x00000000023d2d70 method=com.android.dx.dex.code.RopToDop.dopFor(Lcom/android/dx/rop/code/Insn;)Lcom/android/dx/dex/code/Dop; @ 747
Event: 10.388 Thread 0x0000000002150800 Uncommon trap: reason=unreached action=reinterpret pc=0x0000000002459180 method=com.android.dx.dex.code.OutputFinisher.findOpcodeForInsn(Lcom/android/dx/dex/code/DalvInsn;Lcom/android/dx/dex/code/Dop;)Lcom/android/dx/dex/code/Dop; @ 1
Event: 10.389 Thread 0x0000000002150800 Uncommon trap: reason=unreached action=reinterpret pc=0x000000000244cbe8 method=com.android.dx.dex.code.OutputFinisher.findOpcodeForInsn(Lcom/android/dx/dex/code/DalvInsn;Lcom/android/dx/dex/code/Dop;)Lcom/android/dx/dex/code/Dop; @ 1
Event: 10.638 Thread 0x0000000002150800 Uncommon trap: reason=class_check action=maybe_recompile pc=0x000000000245b7b8 method=com.android.dx.dex.code.OutputFinisher.calculateReservedCount([Lcom/android/dx/dex/code/Dop;)I @ 72
Event: 10.639 Thread 0x0000000002150800 Uncommon trap: reason=class_check action=maybe_recompile pc=0x000000000245b7b8 method=com.android.dx.dex.code.OutputFinisher.calculateReservedCount([Lcom/android/dx/dex/code/Dop;)I @ 72
Event: 10.639 Thread 0x0000000002150800 Uncommon trap: reason=class_check action=maybe_recompile pc=0x000000000245c37c method=com.android.dx.dex.code.OutputFinisher.calculateReservedCount([Lcom/android/dx/dex/code/Dop;)I @ 72
Event: 10.640 Thread 0x0000000002150800 Uncommon trap: reason=class_check action=maybe_recompile pc=0x000000000245b7b8 method=com.android.dx.dex.code.OutputFinisher.calculateReservedCount([Lcom/android/dx/dex/code/Dop;)I @ 72

Internal exceptions (10 events):
Event: 10.015 Thread 0x0000000002150800 Threw 0x00000000ee5ffc18 at C:\re\jdk7u79\2331\hotspot\src\share\vm\prims\jvm.cpp:1304
Event: 10.018 Thread 0x0000000002150800 Threw 0x00000000ee604c68 at C:\re\jdk7u79\2331\hotspot\src\share\vm\prims\jvm.cpp:1304
Event: 10.020 Thread 0x0000000002150800 Threw 0x00000000ee60b068 at C:\re\jdk7u79\2331\hotspot\src\share\vm\prims\jvm.cpp:1304
Event: 10.021 Thread 0x0000000002150800 Threw 0x00000000ee60f5d0 at C:\re\jdk7u79\2331\hotspot\src\share\vm\prims\jvm.cpp:1304
Event: 10.024 Thread 0x0000000002150800 Threw 0x00000000ee6136b8 at C:\re\jdk7u79\2331\hotspot\src\share\vm\prims\jvm.cpp:1304
Event: 10.025 Thread 0x0000000002150800 Threw 0x00000000ee616480 at C:\re\jdk7u79\2331\hotspot\src\share\vm\prims\jvm.cpp:1304
Event: 10.388 Thread 0x0000000002150800 Threw 0x00000000ee65c168 at C:\re\jdk7u79\2331\hotspot\src\share\vm\prims\jvm.cpp:1304
Event: 10.409 Thread 0x0000000002150800 Threw 0x00000000ee6bf970 at C:\re\jdk7u79\2331\hotspot\src\share\vm\prims\jvm.cpp:1304
Event: 10.410 Thread 0x0000000002150800 Threw 0x00000000ee6c27c8 at C:\re\jdk7u79\2331\hotspot\src\share\vm\prims\jvm.cpp:1304
Event: 10.410 Thread 0x0000000002150800 Threw 0x00000000ee6c57e8 at C:\re\jdk7u79\2331\hotspot\src\share\vm\prims\jvm.cpp:1304

Events (10 events):
Event: 10.638 Thread 0x0000000002150800 DEOPT UNPACKING pc=0x00000000022875a4 sp=0x0000000001fcebd8 mode 2
Event: 10.639 Thread 0x0000000002150800 Uncommon trap: trap_request=0xffffffde fr.pc=0x000000000245b7b8
Event: 10.639 Thread 0x0000000002150800 DEOPT PACKING pc=0x000000000245b7b8 sp=0x0000000001fcec50
Event: 10.639 Thread 0x0000000002150800 DEOPT UNPACKING pc=0x00000000022875a4 sp=0x0000000001fcebd8 mode 2
Event: 10.639 Thread 0x0000000002150800 Uncommon trap: trap_request=0xffffffde fr.pc=0x000000000245c37c
Event: 10.639 Thread 0x0000000002150800 DEOPT PACKING pc=0x000000000245c37c sp=0x0000000001fcec30
Event: 10.639 Thread 0x0000000002150800 DEOPT UNPACKING pc=0x00000000022875a4 sp=0x0000000001fcebd8 mode 2
Event: 10.640 Thread 0x0000000002150800 Uncommon trap: trap_request=0xffffffde fr.pc=0x000000000245b7b8
Event: 10.640 Thread 0x0000000002150800 DEOPT PACKING pc=0x000000000245b7b8 sp=0x0000000001fcec50
Event: 10.640 Thread 0x0000000002150800 DEOPT UNPACKING pc=0x00000000022875a4 sp=0x0000000001fcebd8 mode 2


Dynamic libraries:
0x00007ff652720000 - 0x00007ff652753000 	C:\Program Files\Java\jdk1.7.0_79\bin\java.exe
0x00007ffffe730000 - 0x00007ffffe8f1000 	C:\Windows\SYSTEM32\ntdll.dll
0x00007ffffdc80000 - 0x00007ffffdd2d000 	C:\Windows\system32\KERNEL32.DLL
0x00007ffffb010000 - 0x00007ffffb1f8000 	C:\Windows\system32\KERNELBASE.dll
0x00007ffffe280000 - 0x00007ffffe327000 	C:\Windows\system32\ADVAPI32.dll
0x00007ffffdbe0000 - 0x00007ffffdc7d000 	C:\Windows\system32\msvcrt.dll
0x00007ffffd520000 - 0x00007ffffd57b000 	C:\Windows\system32\sechost.dll
0x00007ffffe010000 - 0x00007ffffe12c000 	C:\Windows\system32\RPCRT4.dll
0x00007ffffd3c0000 - 0x00007ffffd516000 	C:\Windows\system32\USER32.dll
0x00007ffffe370000 - 0x00007ffffe4f6000 	C:\Windows\system32\GDI32.dll
0x00007ffff3db0000 - 0x00007ffff4024000 	C:\Windows\WinSxS\amd64_microsoft.windows.common-controls_6595b64144ccf1df_6.0.10586.0_none_8c15ae12515e1c22\COMCTL32.dll
0x00007ffffd090000 - 0x00007ffffd30d000 	C:\Windows\system32\combase.dll
0x00007ffffb200000 - 0x00007ffffb26a000 	C:\Windows\system32\bcryptPrimitives.dll
0x00007ffffe330000 - 0x00007ffffe36b000 	C:\Windows\system32\IMM32.DLL
0x000000005a570000 - 0x000000005a642000 	C:\Program Files\Java\jdk1.7.0_79\jre\bin\msvcr100.dll
0x000000005aac0000 - 0x000000005b295000 	C:\Program Files\Java\jdk1.7.0_79\jre\bin\server\jvm.dll
0x00007ffffdd30000 - 0x00007ffffdd38000 	C:\Windows\system32\PSAPI.DLL
0x00007ffff38f0000 - 0x00007ffff38f9000 	C:\Windows\SYSTEM32\WSOCK32.dll
0x00007ffffe6c0000 - 0x00007ffffe72b000 	C:\Windows\system32\WS2_32.dll
0x00007ffff8120000 - 0x00007ffff8143000 	C:\Windows\SYSTEM32\WINMM.dll
0x00007ffff80b0000 - 0x00007ffff80dc000 	C:\Windows\SYSTEM32\WINMMBASE.dll
0x00007ffffb270000 - 0x00007ffffb2b3000 	C:\Windows\system32\cfgmgr32.dll
0x000000005b2d0000 - 0x000000005b2df000 	C:\Program Files\Java\jdk1.7.0_79\jre\bin\verify.dll
0x000000005a9b0000 - 0x000000005a9d8000 	C:\Program Files\Java\jdk1.7.0_79\jre\bin\java.dll
0x000000005a990000 - 0x000000005a9a5000 	C:\Program Files\Java\jdk1.7.0_79\jre\bin\zip.dll
0x000000005a970000 - 0x000000005a98a000 	C:\Program Files\Java\jdk1.7.0_79\jre\bin\net.dll
0x00007ffffa680000 - 0x00007ffffa6dc000 	C:\Windows\system32\mswsock.dll
0x000000005a950000 - 0x000000005a961000 	C:\Program Files\Java\jdk1.7.0_79\jre\bin\nio.dll

VM Arguments:
jvm_args: -Djava.awt.headless=true -Xmx1024M -Dfile.encoding=windows-1252 -Duser.country=US -Duser.language=en -Duser.variant 
java_command: com.android.dx.command.Main --dex --num-threads=4 --output C:\Users\Kron\AndroidStudioProjects\GoogleMapApp\app\build\intermediates\pre-dexed\debug\com.google.android.gms-play-services-location-8.4.0_2d676ee0320fbc14a352398636a6bd5760513f45.jar C:\Users\Kron\AndroidStudioProjects\GoogleMapApp\app\build\intermediates\exploded-aar\com.google.android.gms\play-services-location\8.4.0\jars\classes.jar
Launcher Type: SUN_STANDARD

Environment Variables:
PATH=C:\Windows\system32;C:\Windows;C:\Windows\System32\Wbem;C:\Windows\System32\WindowsPowerShell\v1.0\;C:\Program Files (x86)\Skype\Phone\;C:\Program Files (x86)\Calibre2\;C:\Users\Kron\.dnx\bin;C:\Program Files\Microsoft DNX\Dnvm\;C:\Program Files (x86)\Windows Kits\10\Windows Performance Toolkit\;C:\Program Files (x86)\nodejs\;C:\Program Files\Git\cmd;C:\Program Files (x86)\NVIDIA Corporation\PhysX\Common;C:\Program Files (x86)\GtkSharp\2.12\bin;C:\Users\Kron\.dnx\bin;C:\Users\Kron\AppData\Roaming\npm
USERNAME=Kron
OS=Windows_NT
PROCESSOR_IDENTIFIER=Intel64 Family 6 Model 42 Stepping 7, GenuineIntel



---------------  S Y S T E M  ---------------

OS: Windows 8.1 , 64 bit Build 9600 

CPU:total 8 (4 cores per cpu, 2 threads per core) family 6 model 42 stepping 7, cmov, cx8, fxsr, mmx, sse, sse2, sse3, ssse3, sse4.1, sse4.2, popcnt, avx, aes, ht, tsc, tscinvbit

Memory: 4k page, physical 8365548k(1538536k free), swap 10328556k(5500k free)

vm_info: Java HotSpot(TM) 64-Bit Server VM (24.79-b02) for windows-amd64 JRE (1.7.0_79-b15), built on Apr 10 2015 12:36:16 by "java_re" with unknown MS VC++:1600

time: Fri Apr 08 10:16:21 2016
elapsed time: 10 seconds

