#
# There is insufficient memory for the Java Runtime Environment to continue.
# Native memory allocation (malloc) failed to allocate 95392 bytes for Chunk::new
# Possible reasons:
#   The system is out of physical RAM or swap space
#   In 32 bit mode, the process size limit was hit
# Possible solutions:
#   Reduce memory load on the system
#   Increase physical memory or swap space
#   Check if swap backing store is full
#   Use 64 bit Java on a 64 bit OS
#   Decrease Java heap size (-Xmx/-Xms)
#   Decrease number of Java threads
#   Decrease Java thread stack sizes (-Xss)
#   Set larger code cache with -XX:ReservedCodeCacheSize=
# This output file may be truncated or incomplete.
#
#  Out of Memory Error (allocation.cpp:323), pid=5400, tid=7560
#
# JRE version: Java(TM) SE Runtime Environment (7.0_79-b15) (build 1.7.0_79-b15)
# Java VM: Java HotSpot(TM) 64-Bit Server VM (24.79-b02 mixed mode windows-amd64 compressed oops)
# Failed to write core dump. Minidumps are not enabled by default on client versions of Windows
#

---------------  T H R E A D  ---------------

Current thread (0x000000000222d000):  JavaThread "C2 CompilerThread0" daemon [_thread_in_native, id=7560, stack(0x000000000ab30000,0x000000000ac30000)]

Stack: [0x000000000ab30000,0x000000000ac30000]

Current CompileTask:
C2:   8156  475             com.android.dx.dex.cf.CfTranslator::translate0 (259 bytes)


---------------  P R O C E S S  ---------------

Java Threads: ( => current thread )
  0x000000000a7a6000 JavaThread "pool-1-thread-4" [_thread_in_Java, id=6048, stack(0x000000000b330000,0x000000000b430000)]
  0x000000000a7a5800 JavaThread "pool-1-thread-3" [_thread_in_vm, id=4296, stack(0x000000000b230000,0x000000000b330000)]
  0x000000000a7a4800 JavaThread "pool-1-thread-2" [_thread_in_vm, id=1192, stack(0x000000000b130000,0x000000000b230000)]
  0x000000000a71c000 JavaThread "pool-2-thread-1" [_thread_blocked, id=5924, stack(0x000000000b030000,0x000000000b130000)]
  0x000000000a75e800 JavaThread "pool-1-thread-1" [_thread_blocked, id=5552, stack(0x000000000af30000,0x000000000b030000)]
  0x0000000002239800 JavaThread "Service Thread" daemon [_thread_blocked, id=10180, stack(0x000000000ad30000,0x000000000ae30000)]
  0x000000000222f000 JavaThread "C2 CompilerThread1" daemon [_thread_in_native, id=6024, stack(0x000000000ac30000,0x000000000ad30000)]
=>0x000000000222d000 JavaThread "C2 CompilerThread0" daemon [_thread_in_native, id=7560, stack(0x000000000ab30000,0x000000000ac30000)]
  0x000000000222c000 JavaThread "Attach Listener" daemon [_thread_blocked, id=9408, stack(0x000000000aa30000,0x000000000ab30000)]
  0x0000000002227000 JavaThread "Signal Dispatcher" daemon [_thread_blocked, id=6760, stack(0x000000000a930000,0x000000000aa30000)]
  0x000000000855a800 JavaThread "Finalizer" daemon [_thread_blocked, id=5180, stack(0x000000000a430000,0x000000000a530000)]
  0x0000000008559800 JavaThread "Reference Handler" daemon [_thread_blocked, id=5844, stack(0x000000000a330000,0x000000000a430000)]
  0x0000000002140800 JavaThread "main" [_thread_in_Java, id=6840, stack(0x0000000001f30000,0x0000000002030000)]

Other Threads:
  0x0000000008555000 VMThread [stack: 0x000000000a230000,0x000000000a330000] [id=9332]
  0x000000000223e000 WatcherThread [stack: 0x000000000ae30000,0x000000000af30000] [id=10052]

VM state:not at safepoint (normal execution)

VM Mutex/Monitor currently owned by a thread: None

Heap
 PSYoungGen      total 72704K, used 13422K [0x00000000eaa80000, 0x00000000ef680000, 0x0000000100000000)
  eden space 67584K, 12% used [0x00000000eaa80000,0x00000000eb2a0df0,0x00000000eec80000)
  from space 5120K, 99% used [0x00000000eec80000,0x00000000ef17acf0,0x00000000ef180000)
  to   space 5120K, 0% used [0x00000000ef180000,0x00000000ef180000,0x00000000ef680000)
 ParOldGen       total 87040K, used 15208K [0x00000000c0000000, 0x00000000c5500000, 0x00000000eaa80000)
  object space 87040K, 17% used [0x00000000c0000000,0x00000000c0eda2f0,0x00000000c5500000)
 PSPermGen       total 21504K, used 5966K [0x00000000bae00000, 0x00000000bc300000, 0x00000000c0000000)
  object space 21504K, 27% used [0x00000000bae00000,0x00000000bb3d3928,0x00000000bc300000)

Card table byte_map: [0x0000000005300000,0x0000000005530000] byte_map_base: 0x0000000004d29000

Polling page: 0x0000000000790000

Code Cache  [0x0000000002240000, 0x00000000024b0000, 0x0000000005240000)
 total_blobs=717 nmethods=480 adapters=189 free_code_cache=47150Kb largest_free_block=48252864

Compilation events (10 events):
Event: 8.146 Thread 0x000000000222f000 nmethod 482 0x000000000242bf10 code [0x000000000242c080, 0x000000000242c298]
Event: 8.146 Thread 0x000000000222f000  483             com.android.dx.dex.code.FixedSizeInsn::<init> (8 bytes)
Event: 8.148 Thread 0x000000000222f000 nmethod 483 0x0000000002428c90 code [0x0000000002428dc0, 0x0000000002428e98]
Event: 8.148 Thread 0x000000000222f000  484             com.android.dx.rop.code.RegisterSpec::getType (10 bytes)
Event: 8.148 Thread 0x000000000222f000 nmethod 484 0x000000000242bcd0 code [0x000000000242be20, 0x000000000242be98]
Event: 8.148 Thread 0x000000000222f000  485             java.lang.AbstractStringBuilder::<init> (12 bytes)
Event: 8.150 Thread 0x000000000222f000 nmethod 485 0x0000000002427a10 code [0x0000000002427b60, 0x0000000002427c58]
Event: 8.150 Thread 0x000000000222f000  486             com.android.dx.rop.cst.CstType::getType (4 bytes)
Event: 8.150 Thread 0x000000000222f000 nmethod 486 0x0000000002427810 code [0x0000000002427940, 0x0000000002427998]
Event: 8.150 Thread 0x000000000222f000  487             com.android.dx.ssa.PhiInsn::mapSourceRegisters (78 bytes)

GC Heap History (6 events):
Event: 3.611 GC heap before
{Heap before GC invocations=1 (full 0):
 PSYoungGen      total 38912K, used 33792K [0x00000000eaa80000, 0x00000000ed580000, 0x0000000100000000)
  eden space 33792K, 100% used [0x00000000eaa80000,0x00000000ecb80000,0x00000000ecb80000)
  from space 5120K, 0% used [0x00000000ed080000,0x00000000ed080000,0x00000000ed580000)
  to   space 5120K, 0% used [0x00000000ecb80000,0x00000000ecb80000,0x00000000ed080000)
 ParOldGen       total 87040K, used 0K [0x00000000c0000000, 0x00000000c5500000, 0x00000000eaa80000)
  object space 87040K, 0% used [0x00000000c0000000,0x00000000c0000000,0x00000000c5500000)
 PSPermGen       total 21504K, used 5794K [0x00000000bae00000, 0x00000000bc300000, 0x00000000c0000000)
  object space 21504K, 26% used [0x00000000bae00000,0x00000000bb3a8b70,0x00000000bc300000)
Event: 3.747 GC heap after
Heap after GC invocations=1 (full 0):
 PSYoungGen      total 38912K, used 5119K [0x00000000eaa80000, 0x00000000ef680000, 0x0000000100000000)
  eden space 33792K, 0% used [0x00000000eaa80000,0x00000000eaa80000,0x00000000ecb80000)
  from space 5120K, 99% used [0x00000000ecb80000,0x00000000ed07fe08,0x00000000ed080000)
  to   space 5120K, 0% used [0x00000000ef180000,0x00000000ef180000,0x00000000ef680000)
 ParOldGen       total 87040K, used 1043K [0x00000000c0000000, 0x00000000c5500000, 0x00000000eaa80000)
  object space 87040K, 1% used [0x00000000c0000000,0x00000000c0104fe0,0x00000000c5500000)
 PSPermGen       total 21504K, used 5794K [0x00000000bae00000, 0x00000000bc300000, 0x00000000c0000000)
  object space 21504K, 26% used [0x00000000bae00000,0x00000000bb3a8b70,0x00000000bc300000)
}
Event: 5.155 GC heap before
{Heap before GC invocations=2 (full 0):
 PSYoungGen      total 38912K, used 38911K [0x00000000eaa80000, 0x00000000ef680000, 0x0000000100000000)
  eden space 33792K, 100% used [0x00000000eaa80000,0x00000000ecb80000,0x00000000ecb80000)
  from space 5120K, 99% used [0x00000000ecb80000,0x00000000ed07fe08,0x00000000ed080000)
  to   space 5120K, 0% used [0x00000000ef180000,0x00000000ef180000,0x00000000ef680000)
 ParOldGen       total 87040K, used 1043K [0x00000000c0000000, 0x00000000c5500000, 0x00000000eaa80000)
  object space 87040K, 1% used [0x00000000c0000000,0x00000000c0104fe0,0x00000000c5500000)
 PSPermGen       total 21504K, used 5890K [0x00000000bae00000, 0x00000000bc300000, 0x00000000c0000000)
  object space 21504K, 27% used [0x00000000bae00000,0x00000000bb3c0b60,0x00000000bc300000)
Event: 5.313 GC heap after
Heap after GC invocations=2 (full 0):
 PSYoungGen      total 72704K, used 5109K [0x00000000eaa80000, 0x00000000ef680000, 0x0000000100000000)
  eden space 67584K, 0% used [0x00000000eaa80000,0x00000000eaa80000,0x00000000eec80000)
  from space 5120K, 99% used [0x00000000ef180000,0x00000000ef67d420,0x00000000ef680000)
  to   space 5120K, 0% used [0x00000000eec80000,0x00000000eec80000,0x00000000ef180000)
 ParOldGen       total 87040K, used 5136K [0x00000000c0000000, 0x00000000c5500000, 0x00000000eaa80000)
  object space 87040K, 5% used [0x00000000c0000000,0x00000000c0504250,0x00000000c5500000)
 PSPermGen       total 21504K, used 5890K [0x00000000bae00000, 0x00000000bc300000, 0x00000000c0000000)
  object space 21504K, 27% used [0x00000000bae00000,0x00000000bb3c0b60,0x00000000bc300000)
}
Event: 8.020 GC heap before
{Heap before GC invocations=3 (full 0):
 PSYoungGen      total 72704K, used 72693K [0x00000000eaa80000, 0x00000000ef680000, 0x0000000100000000)
  eden space 67584K, 100% used [0x00000000eaa80000,0x00000000eec80000,0x00000000eec80000)
  from space 5120K, 99% used [0x00000000ef180000,0x00000000ef67d420,0x00000000ef680000)
  to   space 5120K, 0% used [0x00000000eec80000,0x00000000eec80000,0x00000000ef180000)
 ParOldGen       total 87040K, used 5136K [0x00000000c0000000, 0x00000000c5500000, 0x00000000eaa80000)
  object space 87040K, 5% used [0x00000000c0000000,0x00000000c0504250,0x00000000c5500000)
 PSPermGen       total 21504K, used 5953K [0x00000000bae00000, 0x00000000bc300000, 0x00000000c0000000)
  object space 21504K, 27% used [0x00000000bae00000,0x00000000bb3d0750,0x00000000bc300000)
Event: 8.127 GC heap after
Heap after GC invocations=3 (full 0):
 PSYoungGen      total 72704K, used 5099K [0x00000000eaa80000, 0x00000000ef680000, 0x0000000100000000)
  eden space 67584K, 0% used [0x00000000eaa80000,0x00000000eaa80000,0x00000000eec80000)
  from space 5120K, 99% used [0x00000000eec80000,0x00000000ef17acf0,0x00000000ef180000)
  to   space 5120K, 0% used [0x00000000ef180000,0x00000000ef180000,0x00000000ef680000)
 ParOldGen       total 87040K, used 15208K [0x00000000c0000000, 0x00000000c5500000, 0x00000000eaa80000)
  object space 87040K, 17% used [0x00000000c0000000,0x00000000c0eda2f0,0x00000000c5500000)
 PSPermGen       total 21504K, used 5953K [0x00000000bae00000, 0x00000000bc300000, 0x00000000c0000000)
  object space 21504K, 27% used [0x00000000bae00000,0x00000000bb3d0750,0x00000000bc300000)
}

Deoptimization events (10 events):
Event: 7.551 Thread 0x000000000a7a4800 Uncommon trap: reason=unreached action=reinterpret pc=0x0000000002323e8c method=com.android.dx.rop.code.LocalVariableExtractor.processBlock(I)V @ 138
Event: 7.551 Thread 0x000000000a7a4800 Uncommon trap: reason=unreached action=reinterpret pc=0x0000000002385e04 method=com.android.dx.rop.code.RegisterSpecSet.intersect(Lcom/android/dx/rop/code/RegisterSpecSet;Z)V @ 73
Event: 7.622 Thread 0x000000000a7a4800 Uncommon trap: reason=class_check action=maybe_recompile pc=0x00000000022d1310 method=com.android.dx.ssa.NormalSsaInsn.accept(Lcom/android/dx/ssa/SsaInsn$Visitor;)V @ 9
Event: 7.653 Thread 0x000000000a7a4800 Uncommon trap: reason=bimorphic action=maybe_recompile pc=0x0000000002396718 method=com.android.dx.ssa.SCCP.setLatticeValueTo(IILcom/android/dx/rop/cst/Constant;)Z @ 43
Event: 7.653 Thread 0x000000000a7a4800 Uncommon trap: reason=bimorphic action=maybe_recompile pc=0x0000000002396718 method=com.android.dx.ssa.SCCP.setLatticeValueTo(IILcom/android/dx/rop/cst/Constant;)Z @ 43
Event: 7.654 Thread 0x000000000a7a4800 Uncommon trap: reason=bimorphic action=maybe_recompile pc=0x0000000002396700 method=com.android.dx.ssa.SCCP.simulatePhi(Lcom/android/dx/ssa/PhiInsn;)V @ 124
Event: 7.654 Thread 0x000000000a7a4800 Uncommon trap: reason=bimorphic action=maybe_recompile pc=0x0000000002396700 method=com.android.dx.ssa.SCCP.simulatePhi(Lcom/android/dx/ssa/PhiInsn;)V @ 124
Event: 7.654 Thread 0x000000000a7a4800 Uncommon trap: reason=bimorphic action=maybe_recompile pc=0x0000000002396700 method=com.android.dx.ssa.SCCP.simulatePhi(Lcom/android/dx/ssa/PhiInsn;)V @ 124
Event: 7.773 Thread 0x000000000a7a4800 Uncommon trap: reason=class_check action=maybe_recompile pc=0x00000000022d1310 method=com.android.dx.ssa.NormalSsaInsn.accept(Lcom/android/dx/ssa/SsaInsn$Visitor;)V @ 9
Event: 7.939 Thread 0x0000000002140800 Uncommon trap: reason=class_check action=maybe_recompile pc=0x00000000022d1310 method=com.android.dx.ssa.NormalSsaInsn.accept(Lcom/android/dx/ssa/SsaInsn$Visitor;)V @ 9

Internal exceptions (10 events):
Event: 2.988 Thread 0x000000000a75e800 Threw 0x00000000ebb04710 at C:\re\jdk7u79\2331\hotspot\src\share\vm\prims\jvm.cpp:1304
Event: 3.417 Thread 0x000000000a75e800 Implicit null exception at 0x00000000022f8eed to 0x00000000022f9cd5
Event: 3.448 Thread 0x0000000002140800 Implicit null exception at 0x00000000022dbc57 to 0x00000000022dc345
Event: 3.609 Thread 0x000000000a75e800 Implicit null exception at 0x00000000023006d0 to 0x00000000023018c1
Event: 4.366 Thread 0x000000000a7a5800 Threw 0x00000000eb875558 at C:\re\jdk7u79\2331\hotspot\src\share\vm\prims\jvm.cpp:1304
Event: 4.588 Thread 0x0000000002140800 Threw 0x00000000ebd727c0 at C:\re\jdk7u79\2331\hotspot\src\share\vm\prims\jvm.cpp:1304
Event: 4.806 Thread 0x000000000a75e800 Implicit null exception at 0x000000000236b584 to 0x000000000236d589
Event: 7.551 Thread 0x000000000a7a4800 Implicit null exception at 0x00000000023859c9 to 0x0000000002385db1
Event: 7.779 Thread 0x0000000002140800 Threw 0x00000000ed53d450 at C:\re\jdk7u79\2331\hotspot\src\share\vm\prims\jvm.cpp:1304
Event: 7.930 Thread 0x0000000002140800 Threw 0x00000000ee4d1af8 at C:\re\jdk7u79\2331\hotspot\src\share\vm\prims\jvm.cpp:1304

Events (10 events):
Event: 7.773 Thread 0x000000000a7a4800 DEOPT UNPACKING pc=0x00000000022775a4 sp=0x000000000b22ecb0 mode 2
Event: 7.779 loading class 0x000000000a56eaa0
Event: 7.779 loading class 0x000000000a56eaa0 done
Event: 7.930 loading class 0x000000000a61ad50
Event: 7.930 loading class 0x000000000a61ad50 done
Event: 7.939 Thread 0x0000000002140800 Uncommon trap: trap_request=0xffffffde fr.pc=0x00000000022d1310
Event: 7.939 Thread 0x0000000002140800 DEOPT PACKING pc=0x00000000022d1310 sp=0x000000000202e7b0
Event: 7.939 Thread 0x0000000002140800 DEOPT UNPACKING pc=0x00000000022775a4 sp=0x000000000202e6c0 mode 2
Event: 8.015 Executing VM operation: ParallelGCFailedAllocation
Event: 8.127 Executing VM operation: ParallelGCFailedAllocation done


Dynamic libraries:
0x00007ff652720000 - 0x00007ff652753000 	C:\Program Files\Java\jdk1.7.0_79\bin\java.exe
0x00007ffffe730000 - 0x00007ffffe8f1000 	C:\Windows\SYSTEM32\ntdll.dll
0x00007ffffdc80000 - 0x00007ffffdd2d000 	C:\Windows\system32\KERNEL32.DLL
0x00007ffffb010000 - 0x00007ffffb1f8000 	C:\Windows\system32\KERNELBASE.dll
0x00007ffffe280000 - 0x00007ffffe327000 	C:\Windows\system32\ADVAPI32.dll
0x00007ffffdbe0000 - 0x00007ffffdc7d000 	C:\Windows\system32\msvcrt.dll
0x00007ffffd520000 - 0x00007ffffd57b000 	C:\Windows\system32\sechost.dll
0x00007ffffe010000 - 0x00007ffffe12c000 	C:\Windows\system32\RPCRT4.dll
0x00007ffffd3c0000 - 0x00007ffffd516000 	C:\Windows\system32\USER32.dll
0x00007ffffe370000 - 0x00007ffffe4f6000 	C:\Windows\system32\GDI32.dll
0x00007ffff3db0000 - 0x00007ffff4024000 	C:\Windows\WinSxS\amd64_microsoft.windows.common-controls_6595b64144ccf1df_6.0.10586.0_none_8c15ae12515e1c22\COMCTL32.dll
0x00007ffffd090000 - 0x00007ffffd30d000 	C:\Windows\system32\combase.dll
0x00007ffffb200000 - 0x00007ffffb26a000 	C:\Windows\system32\bcryptPrimitives.dll
0x00007ffffe330000 - 0x00007ffffe36b000 	C:\Windows\system32\IMM32.DLL
0x000000005a570000 - 0x000000005a642000 	C:\Program Files\Java\jdk1.7.0_79\jre\bin\msvcr100.dll
0x000000005aac0000 - 0x000000005b295000 	C:\Program Files\Java\jdk1.7.0_79\jre\bin\server\jvm.dll
0x00007ffffdd30000 - 0x00007ffffdd38000 	C:\Windows\system32\PSAPI.DLL
0x00007ffff38f0000 - 0x00007ffff38f9000 	C:\Windows\SYSTEM32\WSOCK32.dll
0x00007ffffe6c0000 - 0x00007ffffe72b000 	C:\Windows\system32\WS2_32.dll
0x00007ffff8120000 - 0x00007ffff8143000 	C:\Windows\SYSTEM32\WINMM.dll
0x00007ffff80b0000 - 0x00007ffff80dc000 	C:\Windows\SYSTEM32\WINMMBASE.dll
0x00007ffffb270000 - 0x00007ffffb2b3000 	C:\Windows\system32\cfgmgr32.dll
0x000000005b2d0000 - 0x000000005b2df000 	C:\Program Files\Java\jdk1.7.0_79\jre\bin\verify.dll
0x000000005a9b0000 - 0x000000005a9d8000 	C:\Program Files\Java\jdk1.7.0_79\jre\bin\java.dll
0x000000005a990000 - 0x000000005a9a5000 	C:\Program Files\Java\jdk1.7.0_79\jre\bin\zip.dll
0x000000005a970000 - 0x000000005a98a000 	C:\Program Files\Java\jdk1.7.0_79\jre\bin\net.dll
0x00007ffffa680000 - 0x00007ffffa6dc000 	C:\Windows\system32\mswsock.dll
0x000000005a950000 - 0x000000005a961000 	C:\Program Files\Java\jdk1.7.0_79\jre\bin\nio.dll

VM Arguments:
jvm_args: -Djava.awt.headless=true -Xmx1024M -Dfile.encoding=windows-1252 -Duser.country=US -Duser.language=en -Duser.variant 
java_command: com.android.dx.command.Main --dex --num-threads=4 --output C:\Users\Kron\AndroidStudioProjects\GoogleMapApp\app\build\intermediates\pre-dexed\debug\com.google.android.gms-play-services-maps-8.4.0_c2d2e7719ddff5830e204a190de0d7d43ba473a4.jar C:\Users\Kron\AndroidStudioProjects\GoogleMapApp\app\build\intermediates\exploded-aar\com.google.android.gms\play-services-maps\8.4.0\jars\classes.jar
Launcher Type: SUN_STANDARD

Environment Variables:
PATH=C:\Windows\system32;C:\Windows;C:\Windows\System32\Wbem;C:\Windows\System32\WindowsPowerShell\v1.0\;C:\Program Files (x86)\Skype\Phone\;C:\Program Files (x86)\Calibre2\;C:\Users\Kron\.dnx\bin;C:\Program Files\Microsoft DNX\Dnvm\;C:\Program Files (x86)\Windows Kits\10\Windows Performance Toolkit\;C:\Program Files (x86)\nodejs\;C:\Program Files\Git\cmd;C:\Program Files (x86)\NVIDIA Corporation\PhysX\Common;C:\Program Files (x86)\GtkSharp\2.12\bin;C:\Users\Kron\.dnx\bin;C:\Users\Kron\AppData\Roaming\npm
USERNAME=Kron
OS=Windows_NT
PROCESSOR_IDENTIFIER=Intel64 Family 6 Model 42 Stepping 7, GenuineIntel



---------------  S Y S T E M  ---------------

OS: Windows 8.1 , 64 bit Build 9600 

CPU:total 8 (4 cores per cpu, 2 threads per core) family 6 model 42 stepping 7, cmov, cx8, fxsr, mmx, sse, sse2, sse3, ssse3, sse4.1, sse4.2, popcnt, avx, aes, ht, tsc, tscinvbit

Memory: 4k page, physical 8365548k(1644960k free), swap 10328556k(5144k free)

vm_info: Java HotSpot(TM) 64-Bit Server VM (24.79-b02) for windows-amd64 JRE (1.7.0_79-b15), built on Apr 10 2015 12:36:16 by "java_re" with unknown MS VC++:1600

time: Fri Apr 08 10:15:23 2016
elapsed time: 8 seconds

