#
# There is insufficient memory for the Java Runtime Environment to continue.
# Native memory allocation (malloc) failed to allocate 896336 bytes for Chunk::new
# Possible reasons:
#   The system is out of physical RAM or swap space
#   In 32 bit mode, the process size limit was hit
# Possible solutions:
#   Reduce memory load on the system
#   Increase physical memory or swap space
#   Check if swap backing store is full
#   Use 64 bit Java on a 64 bit OS
#   Decrease Java heap size (-Xmx/-Xms)
#   Decrease number of Java threads
#   Decrease Java thread stack sizes (-Xss)
#   Set larger code cache with -XX:ReservedCodeCacheSize=
# This output file may be truncated or incomplete.
#
#  Out of Memory Error (allocation.cpp:323), pid=9468, tid=10732
#
# JRE version: Java(TM) SE Runtime Environment (7.0_79-b15) (build 1.7.0_79-b15)
# Java VM: Java HotSpot(TM) 64-Bit Server VM (24.79-b02 mixed mode windows-amd64 compressed oops)
# Failed to write core dump. Minidumps are not enabled by default on client versions of Windows
#

---------------  T H R E A D  ---------------

Current thread (0x000000000231c800):  JavaThread "C2 CompilerThread0" daemon [_thread_in_native, id=10732, stack(0x000000000ab30000,0x000000000ac30000)]

Stack: [0x000000000ab30000,0x000000000ac30000]

Current CompileTask:
C2:   7001  252             com.android.dx.ssa.SCCP::simulateBlock (54 bytes)


---------------  P R O C E S S  ---------------

Java Threads: ( => current thread )
  0x000000000a709000 JavaThread "pool-1-thread-4" [_thread_in_Java, id=5344, stack(0x000000000b330000,0x000000000b430000)]
  0x000000000a706000 JavaThread "pool-1-thread-3" [_thread_in_vm, id=4220, stack(0x000000000b230000,0x000000000b330000)]
  0x000000000a705800 JavaThread "pool-1-thread-2" [_thread_in_Java, id=6420, stack(0x000000000b130000,0x000000000b230000)]
  0x000000000a7b3000 JavaThread "pool-2-thread-1" [_thread_blocked, id=7836, stack(0x000000000b030000,0x000000000b130000)]
  0x000000000a7f6000 JavaThread "pool-1-thread-1" [_thread_in_Java, id=7628, stack(0x000000000af30000,0x000000000b030000)]
  0x000000000231f000 JavaThread "Service Thread" daemon [_thread_blocked, id=6216, stack(0x000000000ad30000,0x000000000ae30000)]
  0x000000000231e800 JavaThread "C2 CompilerThread1" daemon [_thread_in_native, id=1064, stack(0x000000000ac30000,0x000000000ad30000)]
=>0x000000000231c800 JavaThread "C2 CompilerThread0" daemon [_thread_in_native, id=10732, stack(0x000000000ab30000,0x000000000ac30000)]
  0x000000000a551000 JavaThread "Attach Listener" daemon [_thread_blocked, id=8460, stack(0x000000000aa30000,0x000000000ab30000)]
  0x000000000a550800 JavaThread "Signal Dispatcher" daemon [_thread_blocked, id=6388, stack(0x000000000a930000,0x000000000aa30000)]
  0x000000000856a800 JavaThread "Finalizer" daemon [_thread_blocked, id=3136, stack(0x000000000a430000,0x000000000a530000)]
  0x0000000008569800 JavaThread "Reference Handler" daemon [_thread_blocked, id=6468, stack(0x000000000a330000,0x000000000a430000)]
  0x0000000002230800 JavaThread "main" [_thread_in_Java, id=768, stack(0x0000000002030000,0x0000000002130000)]

Other Threads:
  0x0000000008565000 VMThread [stack: 0x000000000a230000,0x000000000a330000] [id=1436]
  0x0000000002325800 WatcherThread [stack: 0x000000000ae30000,0x000000000af30000] [id=9484]

VM state:not at safepoint (normal execution)

VM Mutex/Monitor currently owned by a thread: None

Heap
 PSYoungGen      total 38912K, used 16734K [0x00000000eaa80000, 0x00000000ed580000, 0x0000000100000000)
  eden space 33792K, 34% used [0x00000000eaa80000,0x00000000eb5d9d98,0x00000000ecb80000)
  from space 5120K, 99% used [0x00000000ecb80000,0x00000000ed07dc88,0x00000000ed080000)
  to   space 5120K, 0% used [0x00000000ed080000,0x00000000ed080000,0x00000000ed580000)
 ParOldGen       total 87040K, used 2193K [0x00000000c0000000, 0x00000000c5500000, 0x00000000eaa80000)
  object space 87040K, 2% used [0x00000000c0000000,0x00000000c02246d0,0x00000000c5500000)
 PSPermGen       total 21504K, used 5849K [0x00000000bae00000, 0x00000000bc300000, 0x00000000c0000000)
  object space 21504K, 27% used [0x00000000bae00000,0x00000000bb3b6438,0x00000000bc300000)

Card table byte_map: [0x0000000005330000,0x0000000005560000] byte_map_base: 0x0000000004d59000

Polling page: 0x0000000001ec0000

Code Cache  [0x0000000002330000, 0x00000000025a0000, 0x0000000005330000)
 total_blobs=487 nmethods=250 adapters=189 free_code_cache=48188Kb largest_free_block=49295424

Compilation events (10 events):
Event: 6.836 Thread 0x000000000231c800 nmethod 247 0x0000000002406510 code [0x0000000002406660, 0x00000000024068f8]
Event: 6.836 Thread 0x000000000231c800  248             com.android.dx.rop.code.RegisterSpecSet::size (49 bytes)
Event: 6.840 Thread 0x000000000231c800 nmethod 248 0x0000000002418e90 code [0x0000000002418fc0, 0x00000000024190f8]
Event: 6.840 Thread 0x000000000231c800  249             com.android.dx.ssa.back.IdenticalBlockCombiner::process (323 bytes)
Event: 6.906 Thread 0x000000000231c800 nmethod 249 0x00000000024294d0 code [0x00000000024297a0, 0x000000000242ae58]
Event: 6.906 Thread 0x000000000231c800  250             com.android.dx.util.BitIntSet::<init> (13 bytes)
Event: 6.908 Thread 0x000000000231c800 nmethod 250 0x00000000024061d0 code [0x0000000002406320, 0x0000000002406438]
Event: 6.908 Thread 0x000000000231c800  251             com.android.dx.ssa.SsaRenamer::access$000 (5 bytes)
Event: 6.909 Thread 0x000000000231c800 nmethod 251 0x0000000002405fd0 code [0x0000000002406100, 0x0000000002406158]
Event: 6.909 Thread 0x000000000231c800  252             com.android.dx.ssa.SCCP::simulateBlock (54 bytes)

GC Heap History (2 events):
Event: 6.381 GC heap before
{Heap before GC invocations=1 (full 0):
 PSYoungGen      total 38912K, used 33792K [0x00000000eaa80000, 0x00000000ed580000, 0x0000000100000000)
  eden space 33792K, 100% used [0x00000000eaa80000,0x00000000ecb80000,0x00000000ecb80000)
  from space 5120K, 0% used [0x00000000ed080000,0x00000000ed080000,0x00000000ed580000)
  to   space 5120K, 0% used [0x00000000ecb80000,0x00000000ecb80000,0x00000000ed080000)
 ParOldGen       total 87040K, used 0K [0x00000000c0000000, 0x00000000c5500000, 0x00000000eaa80000)
  object space 87040K, 0% used [0x00000000c0000000,0x00000000c0000000,0x00000000c5500000)
 PSPermGen       total 21504K, used 5822K [0x00000000bae00000, 0x00000000bc300000, 0x00000000c0000000)
  object space 21504K, 27% used [0x00000000bae00000,0x00000000bb3af818,0x00000000bc300000)
Event: 6.513 GC heap after
Heap after GC invocations=1 (full 0):
 PSYoungGen      total 38912K, used 5111K [0x00000000eaa80000, 0x00000000ed580000, 0x0000000100000000)
  eden space 33792K, 0% used [0x00000000eaa80000,0x00000000eaa80000,0x00000000ecb80000)
  from space 5120K, 99% used [0x00000000ecb80000,0x00000000ed07dc88,0x00000000ed080000)
  to   space 5120K, 0% used [0x00000000ed080000,0x00000000ed080000,0x00000000ed580000)
 ParOldGen       total 87040K, used 2193K [0x00000000c0000000, 0x00000000c5500000, 0x00000000eaa80000)
  object space 87040K, 2% used [0x00000000c0000000,0x00000000c02246d0,0x00000000c5500000)
 PSPermGen       total 21504K, used 5822K [0x00000000bae00000, 0x00000000bc300000, 0x00000000c0000000)
  object space 21504K, 27% used [0x00000000bae00000,0x00000000bb3af818,0x00000000bc300000)
}

Deoptimization events (10 events):
Event: 5.082 Thread 0x000000000a7f6000 Uncommon trap: reason=class_check action=maybe_recompile pc=0x00000000023b0f00 method=com.android.dx.ssa.SsaMethod.deleteInsns(Ljava/util/Set;)V @ 54
Event: 5.082 Thread 0x000000000a7f6000 Uncommon trap: reason=class_check action=maybe_recompile pc=0x00000000023b0f00 method=com.android.dx.ssa.SsaMethod.deleteInsns(Ljava/util/Set;)V @ 54
Event: 5.182 Thread 0x000000000a706000 Uncommon trap: reason=null_check action=make_not_entrant pc=0x00000000023b5268 method=com.android.dx.ssa.SsaRenamer.getLocalForNewReg(I)Lcom/android/dx/rop/code/LocalItem; @ 19
Event: 5.375 Thread 0x000000000a709000 Uncommon trap: reason=null_check action=make_not_entrant pc=0x00000000023b3f34 method=com.android.dx.rop.code.LocalItem.equals(Ljava/lang/Object;)Z @ 1
Event: 5.910 Thread 0x000000000a706000 Uncommon trap: reason=null_check action=make_not_entrant pc=0x00000000023ec528 method=com.android.dx.rop.code.RegisterSpec.equals(Ljava/lang/Object;)Z @ 1
Event: 6.112 Thread 0x0000000002230800 Uncommon trap: reason=null_check action=make_not_entrant pc=0x00000000023d752c method=com.android.dx.rop.type.Type.putIntern(Lcom/android/dx/rop/type/Type;)Lcom/android/dx/rop/type/Type; @ 18
Event: 6.291 Thread 0x000000000a7f6000 Uncommon trap: reason=bimorphic action=maybe_recompile pc=0x0000000002401eb8 method=com.android.dx.cf.code.Merger.mergeType(Lcom/android/dx/rop/type/TypeBearer;Lcom/android/dx/rop/type/TypeBearer;)Lcom/android/dx/rop/type/TypeBearer; @ 6
Event: 6.291 Thread 0x000000000a7f6000 Uncommon trap: reason=bimorphic action=maybe_recompile pc=0x0000000002401eb8 method=com.android.dx.cf.code.Merger.mergeType(Lcom/android/dx/rop/type/TypeBearer;Lcom/android/dx/rop/type/TypeBearer;)Lcom/android/dx/rop/type/TypeBearer; @ 6
Event: 6.292 Thread 0x000000000a7f6000 Uncommon trap: reason=bimorphic action=maybe_recompile pc=0x0000000002401eb8 method=com.android.dx.cf.code.Merger.mergeType(Lcom/android/dx/rop/type/TypeBearer;Lcom/android/dx/rop/type/TypeBearer;)Lcom/android/dx/rop/type/TypeBearer; @ 6
Event: 6.292 Thread 0x000000000a7f6000 Uncommon trap: reason=bimorphic action=maybe_recompile pc=0x0000000002401eb8 method=com.android.dx.cf.code.Merger.mergeType(Lcom/android/dx/rop/type/TypeBearer;Lcom/android/dx/rop/type/TypeBearer;)Lcom/android/dx/rop/type/TypeBearer; @ 6

Internal exceptions (10 events):
Event: 5.037 Thread 0x0000000002230800 Threw 0x00000000eb807bc8 at C:\re\jdk7u79\2331\hotspot\src\share\vm\prims\jvm.cpp:1304
Event: 5.052 Thread 0x0000000002230800 Threw 0x00000000eb81d530 at C:\re\jdk7u79\2331\hotspot\src\share\vm\prims\jvm.cpp:1304
Event: 5.056 Thread 0x000000000a705800 Threw 0x00000000eb8cb490 at C:\re\jdk7u79\2331\hotspot\src\share\vm\prims\jvm.cpp:1304
Event: 5.091 Thread 0x000000000a7f6000 Threw 0x00000000eb94af70 at C:\re\jdk7u79\2331\hotspot\src\share\vm\prims\jvm.cpp:1304
Event: 5.104 Thread 0x0000000002230800 Threw 0x00000000eb889680 at C:\re\jdk7u79\2331\hotspot\src\share\vm\prims\jvm.cpp:1304
Event: 5.182 Thread 0x000000000a706000 Implicit null exception at 0x00000000023b49c0 to 0x00000000023b5245
Event: 5.372 Thread 0x000000000a705800 Threw 0x00000000eb943818 at C:\re\jdk7u79\2331\hotspot\src\share\vm\prims\jvm.cpp:1304
Event: 5.375 Thread 0x000000000a709000 Implicit null exception at 0x00000000023b3bc3 to 0x00000000023b3f19
Event: 5.910 Thread 0x000000000a706000 Implicit null exception at 0x00000000023eb60e to 0x00000000023ec4f9
Event: 6.112 Thread 0x0000000002230800 Implicit null exception at 0x00000000023d6e1b to 0x00000000023d751d

Events (10 events):
Event: 6.292 Thread 0x000000000a7f6000 Uncommon trap: trap_request=0xffffffc6 fr.pc=0x0000000002401eb8
Event: 6.292 Thread 0x000000000a7f6000 DEOPT PACKING pc=0x0000000002401eb8 sp=0x000000000b02e710
Event: 6.292 Thread 0x000000000a7f6000 DEOPT UNPACKING pc=0x00000000023675a4 sp=0x000000000b02e6a8 mode 2
Event: 6.292 Thread 0x000000000a7f6000 Uncommon trap: trap_request=0xffffffc6 fr.pc=0x0000000002401eb8
Event: 6.292 Thread 0x000000000a7f6000 DEOPT PACKING pc=0x0000000002401eb8 sp=0x000000000b02e710
Event: 6.292 Thread 0x000000000a7f6000 DEOPT UNPACKING pc=0x00000000023675a4 sp=0x000000000b02e6a8 mode 2
Event: 6.330 Executing VM operation: ParallelGCFailedAllocation
Event: 6.513 Executing VM operation: ParallelGCFailedAllocation done
Event: 6.716 Executing VM operation: EnableBiasedLocking
Event: 6.746 Executing VM operation: EnableBiasedLocking done


Dynamic libraries:
0x00007ff652720000 - 0x00007ff652753000 	C:\Program Files\Java\jdk1.7.0_79\bin\java.exe
0x00007ffffe730000 - 0x00007ffffe8f1000 	C:\Windows\SYSTEM32\ntdll.dll
0x00007ffffdc80000 - 0x00007ffffdd2d000 	C:\Windows\system32\KERNEL32.DLL
0x00007ffffb010000 - 0x00007ffffb1f8000 	C:\Windows\system32\KERNELBASE.dll
0x00007ffffe280000 - 0x00007ffffe327000 	C:\Windows\system32\ADVAPI32.dll
0x00007ffffdbe0000 - 0x00007ffffdc7d000 	C:\Windows\system32\msvcrt.dll
0x00007ffffd520000 - 0x00007ffffd57b000 	C:\Windows\system32\sechost.dll
0x00007ffffe010000 - 0x00007ffffe12c000 	C:\Windows\system32\RPCRT4.dll
0x00007ffffd3c0000 - 0x00007ffffd516000 	C:\Windows\system32\USER32.dll
0x00007ffffe370000 - 0x00007ffffe4f6000 	C:\Windows\system32\GDI32.dll
0x00007ffff3db0000 - 0x00007ffff4024000 	C:\Windows\WinSxS\amd64_microsoft.windows.common-controls_6595b64144ccf1df_6.0.10586.0_none_8c15ae12515e1c22\COMCTL32.dll
0x00007ffffd090000 - 0x00007ffffd30d000 	C:\Windows\system32\combase.dll
0x00007ffffb200000 - 0x00007ffffb26a000 	C:\Windows\system32\bcryptPrimitives.dll
0x00007ffffe330000 - 0x00007ffffe36b000 	C:\Windows\system32\IMM32.DLL
0x000000005a570000 - 0x000000005a642000 	C:\Program Files\Java\jdk1.7.0_79\jre\bin\msvcr100.dll
0x000000005aac0000 - 0x000000005b295000 	C:\Program Files\Java\jdk1.7.0_79\jre\bin\server\jvm.dll
0x00007ffffdd30000 - 0x00007ffffdd38000 	C:\Windows\system32\PSAPI.DLL
0x00007ffff38f0000 - 0x00007ffff38f9000 	C:\Windows\SYSTEM32\WSOCK32.dll
0x00007ffffe6c0000 - 0x00007ffffe72b000 	C:\Windows\system32\WS2_32.dll
0x00007ffff8120000 - 0x00007ffff8143000 	C:\Windows\SYSTEM32\WINMM.dll
0x00007ffff80b0000 - 0x00007ffff80dc000 	C:\Windows\SYSTEM32\WINMMBASE.dll
0x00007ffffb270000 - 0x00007ffffb2b3000 	C:\Windows\system32\cfgmgr32.dll
0x000000005b2d0000 - 0x000000005b2df000 	C:\Program Files\Java\jdk1.7.0_79\jre\bin\verify.dll
0x000000005a9b0000 - 0x000000005a9d8000 	C:\Program Files\Java\jdk1.7.0_79\jre\bin\java.dll
0x000000005a990000 - 0x000000005a9a5000 	C:\Program Files\Java\jdk1.7.0_79\jre\bin\zip.dll
0x000000005a970000 - 0x000000005a98a000 	C:\Program Files\Java\jdk1.7.0_79\jre\bin\net.dll
0x00007ffffa680000 - 0x00007ffffa6dc000 	C:\Windows\system32\mswsock.dll
0x000000005a950000 - 0x000000005a961000 	C:\Program Files\Java\jdk1.7.0_79\jre\bin\nio.dll

VM Arguments:
jvm_args: -Djava.awt.headless=true -Xmx1024M -Dfile.encoding=windows-1252 -Duser.country=US -Duser.language=en -Duser.variant 
java_command: com.android.dx.command.Main --dex --num-threads=4 --output C:\Users\Kron\AndroidStudioProjects\GoogleMapApp\app\build\intermediates\pre-dexed\debug\com.google.android.gms-play-services-plus-8.4.0_bb9c77e864bb851c260ae8c35bc7bd7fe6d9ae1a.jar C:\Users\Kron\AndroidStudioProjects\GoogleMapApp\app\build\intermediates\exploded-aar\com.google.android.gms\play-services-plus\8.4.0\jars\classes.jar
Launcher Type: SUN_STANDARD

Environment Variables:
PATH=C:\Windows\system32;C:\Windows;C:\Windows\System32\Wbem;C:\Windows\System32\WindowsPowerShell\v1.0\;C:\Program Files (x86)\Skype\Phone\;C:\Program Files (x86)\Calibre2\;C:\Users\Kron\.dnx\bin;C:\Program Files\Microsoft DNX\Dnvm\;C:\Program Files (x86)\Windows Kits\10\Windows Performance Toolkit\;C:\Program Files (x86)\nodejs\;C:\Program Files\Git\cmd;C:\Program Files (x86)\NVIDIA Corporation\PhysX\Common;C:\Program Files (x86)\GtkSharp\2.12\bin;C:\Users\Kron\.dnx\bin;C:\Users\Kron\AppData\Roaming\npm
USERNAME=Kron
OS=Windows_NT
PROCESSOR_IDENTIFIER=Intel64 Family 6 Model 42 Stepping 7, GenuineIntel



---------------  S Y S T E M  ---------------

OS: Windows 8.1 , 64 bit Build 9600 

CPU:total 8 (4 cores per cpu, 2 threads per core) family 6 model 42 stepping 7, cmov, cx8, fxsr, mmx, sse, sse2, sse3, ssse3, sse4.1, sse4.2, popcnt, avx, aes, ht, tsc, tscinvbit

Memory: 4k page, physical 8365548k(1593024k free), swap 10328556k(5320k free)

vm_info: Java HotSpot(TM) 64-Bit Server VM (24.79-b02) for windows-amd64 JRE (1.7.0_79-b15), built on Apr 10 2015 12:36:16 by "java_re" with unknown MS VC++:1600

time: Fri Apr 08 10:15:11 2016
elapsed time: 7 seconds

